{"/home/teymur/skill-tree/projects/web-app/src/App.tsx": {"path":"/home/teymur/skill-tree/projects/web-app/src/App.tsx","all":true,"statementMap":{"1":{"start":{"line":2,"column":0},"end":{"line":2,"column":83}},"2":{"start":{"line":3,"column":0},"end":{"line":3,"column":61}},"3":{"start":{"line":4,"column":0},"end":{"line":4,"column":41}},"4":{"start":{"line":5,"column":0},"end":{"line":5,"column":47}},"5":{"start":{"line":6,"column":0},"end":{"line":6,"column":49}},"7":{"start":{"line":8,"column":0},"end":{"line":8,"column":16}},"8":{"start":{"line":9,"column":0},"end":{"line":9,"column":10}},"9":{"start":{"line":10,"column":0},"end":{"line":10,"column":12}},"10":{"start":{"line":11,"column":0},"end":{"line":11,"column":27}},"11":{"start":{"line":12,"column":0},"end":{"line":12,"column":16}},"13":{"start":{"line":14,"column":0},"end":{"line":14,"column":57}},"14":{"start":{"line":15,"column":0},"end":{"line":15,"column":63}},"17":{"start":{"line":18,"column":0},"end":{"line":18,"column":16}},"18":{"start":{"line":19,"column":0},"end":{"line":19,"column":29}},"19":{"start":{"line":20,"column":0},"end":{"line":20,"column":21}},"20":{"start":{"line":21,"column":0},"end":{"line":21,"column":30}},"21":{"start":{"line":22,"column":0},"end":{"line":22,"column":33}},"22":{"start":{"line":23,"column":0},"end":{"line":23,"column":31}},"24":{"start":{"line":25,"column":0},"end":{"line":25,"column":12}},"27":{"start":{"line":28,"column":0},"end":{"line":28,"column":75}},"30":{"start":{"line":31,"column":0},"end":{"line":31,"column":75}},"31":{"start":{"line":32,"column":0},"end":{"line":32,"column":17}},"32":{"start":{"line":33,"column":0},"end":{"line":33,"column":12}},"33":{"start":{"line":34,"column":0},"end":{"line":34,"column":13}},"35":{"start":{"line":36,"column":0},"end":{"line":36,"column":1}},"37":{"start":{"line":38,"column":0},"end":{"line":38,"column":18}}},"s":{"1":0,"2":0,"3":0,"4":0,"5":0,"7":0,"8":0,"9":0,"10":0,"11":0,"13":0,"14":0,"17":0,"18":0,"19":0,"20":0,"21":0,"22":0,"24":0,"27":0,"30":0,"31":0,"32":0,"33":0,"35":0,"37":0},"branchMap":{"0":{"type":"branch","line":1,"loc":{"start":{"line":1,"column":1078},"end":{"line":38,"column":18}},"locations":[{"start":{"line":1,"column":1078},"end":{"line":38,"column":18}}]}},"b":{"0":[1]},"fnMap":{"0":{"name":"(empty-report)","decl":{"start":{"line":1,"column":1078},"end":{"line":38,"column":18}},"loc":{"start":{"line":1,"column":1078},"end":{"line":38,"column":18}},"line":1}},"f":{"0":1}}
,"/home/teymur/skill-tree/projects/web-app/src/main.tsx": {"path":"/home/teymur/skill-tree/projects/web-app/src/main.tsx","all":true,"statementMap":{"0":{"start":{"line":1,"column":0},"end":{"line":1,"column":25}},"1":{"start":{"line":2,"column":0},"end":{"line":2,"column":39}},"2":{"start":{"line":3,"column":0},"end":{"line":3,"column":27}},"3":{"start":{"line":4,"column":0},"end":{"line":4,"column":20}},"5":{"start":{"line":6,"column":0},"end":{"line":6,"column":61}},"6":{"start":{"line":7,"column":0},"end":{"line":7,"column":20}},"7":{"start":{"line":8,"column":0},"end":{"line":8,"column":11}},"8":{"start":{"line":9,"column":0},"end":{"line":9,"column":22}},"9":{"start":{"line":10,"column":0},"end":{"line":10,"column":1}}},"s":{"0":0,"1":0,"2":0,"3":0,"5":0,"6":0,"7":0,"8":0,"9":0},"branchMap":{"0":{"type":"branch","line":1,"loc":{"start":{"line":1,"column":203},"end":{"line":10,"column":-169}},"locations":[{"start":{"line":1,"column":203},"end":{"line":10,"column":-169}}]}},"b":{"0":[0]},"fnMap":{"0":{"name":"(empty-report)","decl":{"start":{"line":1,"column":203},"end":{"line":10,"column":-169}},"loc":{"start":{"line":1,"column":203},"end":{"line":10,"column":-169}},"line":1}},"f":{"0":0}}
,"/home/teymur/skill-tree/projects/web-app/src/components/auth/LoginForm.tsx": {"path":"/home/teymur/skill-tree/projects/web-app/src/components/auth/LoginForm.tsx","all":false,"statementMap":{"0":{"start":{"line":1,"column":0},"end":{"line":1,"column":39}},"1":{"start":{"line":2,"column":0},"end":{"line":2,"column":52}},"2":{"start":{"line":3,"column":0},"end":{"line":3,"column":45}},"5":{"start":{"line":6,"column":0},"end":{"line":6,"column":35}},"6":{"start":{"line":7,"column":0},"end":{"line":7,"column":32}},"7":{"start":{"line":8,"column":0},"end":{"line":8,"column":47}},"9":{"start":{"line":10,"column":0},"end":{"line":10,"column":59}},"10":{"start":{"line":11,"column":0},"end":{"line":11,"column":14}},"11":{"start":{"line":12,"column":0},"end":{"line":12,"column":16}},"12":{"start":{"line":13,"column":0},"end":{"line":13,"column":4}},"14":{"start":{"line":15,"column":0},"end":{"line":15,"column":62}},"16":{"start":{"line":17,"column":0},"end":{"line":17,"column":39}},"17":{"start":{"line":18,"column":0},"end":{"line":18,"column":33}},"19":{"start":{"line":20,"column":0},"end":{"line":20,"column":26}},"20":{"start":{"line":21,"column":0},"end":{"line":21,"column":40}},"21":{"start":{"line":22,"column":0},"end":{"line":22,"column":54}},"22":{"start":{"line":23,"column":0},"end":{"line":23,"column":57}},"23":{"start":{"line":24,"column":0},"end":{"line":24,"column":5}},"25":{"start":{"line":26,"column":0},"end":{"line":26,"column":29}},"26":{"start":{"line":27,"column":0},"end":{"line":27,"column":46}},"27":{"start":{"line":28,"column":0},"end":{"line":28,"column":46}},"28":{"start":{"line":29,"column":0},"end":{"line":29,"column":64}},"29":{"start":{"line":30,"column":0},"end":{"line":30,"column":5}},"31":{"start":{"line":32,"column":0},"end":{"line":32,"column":25}},"32":{"start":{"line":33,"column":0},"end":{"line":33,"column":43}},"33":{"start":{"line":34,"column":0},"end":{"line":34,"column":3}},"35":{"start":{"line":36,"column":0},"end":{"line":36,"column":73}},"36":{"start":{"line":37,"column":0},"end":{"line":37,"column":36}},"37":{"start":{"line":38,"column":0},"end":{"line":38,"column":26}},"38":{"start":{"line":39,"column":0},"end":{"line":39,"column":14}},"39":{"start":{"line":40,"column":0},"end":{"line":40,"column":19}},"40":{"start":{"line":41,"column":0},"end":{"line":41,"column":7}},"43":{"start":{"line":44,"column":0},"end":{"line":44,"column":27}},"44":{"start":{"line":45,"column":0},"end":{"line":45,"column":30}},"45":{"start":{"line":46,"column":0},"end":{"line":46,"column":16}},"46":{"start":{"line":47,"column":0},"end":{"line":47,"column":25}},"47":{"start":{"line":48,"column":0},"end":{"line":48,"column":9}},"48":{"start":{"line":49,"column":0},"end":{"line":49,"column":5}},"49":{"start":{"line":50,"column":0},"end":{"line":50,"column":3}},"51":{"start":{"line":52,"column":0},"end":{"line":52,"column":54}},"52":{"start":{"line":53,"column":0},"end":{"line":53,"column":22}},"54":{"start":{"line":55,"column":0},"end":{"line":55,"column":26}},"55":{"start":{"line":56,"column":0},"end":{"line":56,"column":12}},"56":{"start":{"line":57,"column":0},"end":{"line":57,"column":5}},"58":{"start":{"line":59,"column":0},"end":{"line":59,"column":9}},"59":{"start":{"line":60,"column":0},"end":{"line":60,"column":36}},"60":{"start":{"line":61,"column":0},"end":{"line":61,"column":51}},"61":{"start":{"line":62,"column":0},"end":{"line":62,"column":35}},"62":{"start":{"line":63,"column":0},"end":{"line":63,"column":8}},"64":{"start":{"line":65,"column":0},"end":{"line":65,"column":29}},"65":{"start":{"line":66,"column":0},"end":{"line":66,"column":30}},"66":{"start":{"line":67,"column":0},"end":{"line":67,"column":14}},"68":{"start":{"line":69,"column":0},"end":{"line":69,"column":54}},"69":{"start":{"line":70,"column":0},"end":{"line":70,"column":7}},"70":{"start":{"line":71,"column":0},"end":{"line":71,"column":19}},"71":{"start":{"line":72,"column":0},"end":{"line":72,"column":40}},"72":{"start":{"line":73,"column":0},"end":{"line":73,"column":5}},"73":{"start":{"line":74,"column":0},"end":{"line":74,"column":3}},"75":{"start":{"line":76,"column":0},"end":{"line":76,"column":10}},"76":{"start":{"line":77,"column":0},"end":{"line":77,"column":45}},"77":{"start":{"line":78,"column":0},"end":{"line":78,"column":57}},"78":{"start":{"line":79,"column":0},"end":{"line":79,"column":42}},"79":{"start":{"line":80,"column":0},"end":{"line":80,"column":64}},"81":{"start":{"line":82,"column":0},"end":{"line":82,"column":15}},"82":{"start":{"line":83,"column":0},"end":{"line":83,"column":39}},"84":{"start":{"line":85,"column":0},"end":{"line":85,"column":14}},"85":{"start":{"line":86,"column":0},"end":{"line":86,"column":14}},"87":{"start":{"line":88,"column":0},"end":{"line":88,"column":19}},"88":{"start":{"line":89,"column":0},"end":{"line":89,"column":79}},"89":{"start":{"line":90,"column":0},"end":{"line":90,"column":71}},"90":{"start":{"line":91,"column":0},"end":{"line":91,"column":16}},"93":{"start":{"line":94,"column":0},"end":{"line":94,"column":60}},"94":{"start":{"line":95,"column":0},"end":{"line":95,"column":15}},"95":{"start":{"line":96,"column":0},"end":{"line":96,"column":92}},"97":{"start":{"line":98,"column":0},"end":{"line":98,"column":20}},"98":{"start":{"line":99,"column":0},"end":{"line":99,"column":18}},"99":{"start":{"line":100,"column":0},"end":{"line":100,"column":24}},"100":{"start":{"line":101,"column":0},"end":{"line":101,"column":26}},"101":{"start":{"line":102,"column":0},"end":{"line":102,"column":26}},"102":{"start":{"line":103,"column":0},"end":{"line":103,"column":34}},"103":{"start":{"line":104,"column":0},"end":{"line":104,"column":22}},"104":{"start":{"line":105,"column":0},"end":{"line":105,"column":36}},"105":{"start":{"line":106,"column":0},"end":{"line":106,"column":42}},"106":{"start":{"line":107,"column":0},"end":{"line":107,"column":78}},"107":{"start":{"line":108,"column":0},"end":{"line":108,"column":44}},"108":{"start":{"line":109,"column":0},"end":{"line":109,"column":34}},"109":{"start":{"line":110,"column":0},"end":{"line":110,"column":14}},"110":{"start":{"line":111,"column":0},"end":{"line":111,"column":34}},"111":{"start":{"line":112,"column":0},"end":{"line":112,"column":77}},"113":{"start":{"line":114,"column":0},"end":{"line":114,"column":16}},"115":{"start":{"line":116,"column":0},"end":{"line":116,"column":15}},"116":{"start":{"line":117,"column":0},"end":{"line":117,"column":95}},"118":{"start":{"line":119,"column":0},"end":{"line":119,"column":20}},"119":{"start":{"line":120,"column":0},"end":{"line":120,"column":18}},"120":{"start":{"line":121,"column":0},"end":{"line":121,"column":27}},"121":{"start":{"line":122,"column":0},"end":{"line":122,"column":29}},"122":{"start":{"line":123,"column":0},"end":{"line":123,"column":29}},"123":{"start":{"line":124,"column":0},"end":{"line":124,"column":45}},"124":{"start":{"line":125,"column":0},"end":{"line":125,"column":22}},"125":{"start":{"line":126,"column":0},"end":{"line":126,"column":39}},"126":{"start":{"line":127,"column":0},"end":{"line":127,"column":42}},"127":{"start":{"line":128,"column":0},"end":{"line":128,"column":81}},"128":{"start":{"line":129,"column":0},"end":{"line":129,"column":47}},"129":{"start":{"line":130,"column":0},"end":{"line":130,"column":34}},"130":{"start":{"line":131,"column":0},"end":{"line":131,"column":14}},"131":{"start":{"line":132,"column":0},"end":{"line":132,"column":37}},"132":{"start":{"line":133,"column":0},"end":{"line":133,"column":80}},"134":{"start":{"line":135,"column":0},"end":{"line":135,"column":16}},"136":{"start":{"line":137,"column":0},"end":{"line":137,"column":61}},"137":{"start":{"line":138,"column":0},"end":{"line":138,"column":37}},"138":{"start":{"line":139,"column":0},"end":{"line":139,"column":19}},"139":{"start":{"line":140,"column":0},"end":{"line":140,"column":37}},"140":{"start":{"line":141,"column":0},"end":{"line":141,"column":73}},"141":{"start":{"line":142,"column":0},"end":{"line":142,"column":15}},"143":{"start":{"line":144,"column":0},"end":{"line":144,"column":21}},"144":{"start":{"line":145,"column":0},"end":{"line":145,"column":18}},"145":{"start":{"line":146,"column":0},"end":{"line":146,"column":16}},"147":{"start":{"line":148,"column":0},"end":{"line":148,"column":17}},"148":{"start":{"line":149,"column":0},"end":{"line":149,"column":25}},"149":{"start":{"line":150,"column":0},"end":{"line":150,"column":32}},"150":{"start":{"line":151,"column":0},"end":{"line":151,"column":73}},"152":{"start":{"line":153,"column":0},"end":{"line":153,"column":26}},"153":{"start":{"line":154,"column":0},"end":{"line":154,"column":65}},"154":{"start":{"line":155,"column":0},"end":{"line":155,"column":143}},"155":{"start":{"line":156,"column":0},"end":{"line":156,"column":119}},"156":{"start":{"line":157,"column":0},"end":{"line":157,"column":190}},"157":{"start":{"line":158,"column":0},"end":{"line":158,"column":22}},"159":{"start":{"line":160,"column":0},"end":{"line":160,"column":21}},"161":{"start":{"line":162,"column":0},"end":{"line":162,"column":23}},"163":{"start":{"line":164,"column":0},"end":{"line":164,"column":19}},"164":{"start":{"line":165,"column":0},"end":{"line":165,"column":15}},"166":{"start":{"line":167,"column":0},"end":{"line":167,"column":42}},"167":{"start":{"line":168,"column":0},"end":{"line":168,"column":47}},"168":{"start":{"line":169,"column":0},"end":{"line":169,"column":39}},"169":{"start":{"line":170,"column":0},"end":{"line":170,"column":17}},"170":{"start":{"line":171,"column":0},"end":{"line":171,"column":28}},"171":{"start":{"line":172,"column":0},"end":{"line":172,"column":71}},"172":{"start":{"line":173,"column":0},"end":{"line":173,"column":13}},"174":{"start":{"line":175,"column":0},"end":{"line":175,"column":19}},"175":{"start":{"line":176,"column":0},"end":{"line":176,"column":14}},"176":{"start":{"line":177,"column":0},"end":{"line":177,"column":14}},"177":{"start":{"line":178,"column":0},"end":{"line":178,"column":12}},"178":{"start":{"line":179,"column":0},"end":{"line":179,"column":10}},"180":{"start":{"line":181,"column":0},"end":{"line":181,"column":1}},"182":{"start":{"line":183,"column":0},"end":{"line":183,"column":24}}},"s":{"0":1,"1":1,"2":1,"5":1,"6":348,"7":348,"9":348,"10":348,"11":348,"12":348,"14":348,"16":348,"17":8,"19":8,"20":0,"21":8,"22":0,"23":0,"25":8,"26":0,"27":8,"28":1,"29":1,"31":8,"32":8,"33":8,"35":348,"36":312,"37":312,"38":312,"39":312,"40":312,"43":312,"44":0,"45":0,"46":0,"47":0,"48":0,"49":312,"51":348,"52":8,"54":8,"55":1,"56":1,"58":7,"59":7,"60":7,"61":7,"62":7,"64":8,"65":4,"66":8,"68":2,"69":2,"70":8,"71":1,"72":1,"73":8,"75":348,"76":348,"77":348,"78":348,"79":348,"81":348,"82":348,"84":348,"85":348,"87":348,"88":1,"89":1,"90":1,"93":348,"94":348,"95":348,"97":348,"98":348,"99":348,"100":348,"101":348,"102":348,"103":348,"104":348,"105":348,"106":348,"107":348,"108":348,"109":348,"110":348,"111":0,"113":348,"115":348,"116":348,"118":348,"119":348,"120":348,"121":348,"122":348,"123":348,"124":348,"125":348,"126":348,"127":348,"128":348,"129":348,"130":348,"131":348,"132":1,"134":348,"136":348,"137":348,"138":348,"139":348,"140":348,"141":348,"143":348,"144":348,"145":348,"147":348,"148":348,"149":348,"150":348,"152":348,"153":4,"154":4,"155":4,"156":4,"157":4,"159":4,"161":344,"163":348,"164":348,"166":348,"167":348,"168":348,"169":348,"170":348,"171":348,"172":348,"174":348,"175":348,"176":348,"177":348,"178":348,"180":348,"182":1},"branchMap":{"0":{"type":"branch","line":6,"loc":{"start":{"line":6,"column":28},"end":{"line":181,"column":1}},"locations":[{"start":{"line":6,"column":28},"end":{"line":181,"column":1}}]},"1":{"type":"branch","line":88,"loc":{"start":{"line":88,"column":9},"end":{"line":91,"column":16}},"locations":[{"start":{"line":88,"column":9},"end":{"line":91,"column":16}}]},"2":{"type":"branch","line":107,"loc":{"start":{"line":107,"column":50},"end":{"line":107,"column":73}},"locations":[{"start":{"line":107,"column":50},"end":{"line":107,"column":73}}]},"3":{"type":"branch","line":111,"loc":{"start":{"line":111,"column":24},"end":{"line":112,"column":77}},"locations":[{"start":{"line":111,"column":24},"end":{"line":112,"column":77}}]},"4":{"type":"branch","line":128,"loc":{"start":{"line":128,"column":50},"end":{"line":128,"column":76}},"locations":[{"start":{"line":128,"column":50},"end":{"line":128,"column":76}}]},"5":{"type":"branch","line":128,"loc":{"start":{"line":128,"column":61},"end":{"line":128,"column":78}},"locations":[{"start":{"line":128,"column":61},"end":{"line":128,"column":78}}]},"6":{"type":"branch","line":132,"loc":{"start":{"line":132,"column":24},"end":{"line":133,"column":80}},"locations":[{"start":{"line":132,"column":24},"end":{"line":133,"column":80}}]},"7":{"type":"branch","line":153,"loc":{"start":{"line":153,"column":13},"end":{"line":160,"column":21}},"locations":[{"start":{"line":153,"column":13},"end":{"line":160,"column":21}}]},"8":{"type":"branch","line":160,"loc":{"start":{"line":160,"column":14},"end":{"line":162,"column":23}},"locations":[{"start":{"line":160,"column":14},"end":{"line":162,"column":23}}]},"9":{"type":"branch","line":17,"loc":{"start":{"line":17,"column":23},"end":{"line":34,"column":3}},"locations":[{"start":{"line":17,"column":23},"end":{"line":34,"column":3}}]},"10":{"type":"branch","line":20,"loc":{"start":{"line":20,"column":25},"end":{"line":22,"column":15}},"locations":[{"start":{"line":20,"column":25},"end":{"line":22,"column":15}}]},"11":{"type":"branch","line":22,"loc":{"start":{"line":22,"column":53},"end":{"line":24,"column":5}},"locations":[{"start":{"line":22,"column":53},"end":{"line":24,"column":5}}]},"12":{"type":"branch","line":26,"loc":{"start":{"line":26,"column":28},"end":{"line":28,"column":15}},"locations":[{"start":{"line":26,"column":28},"end":{"line":28,"column":15}}]},"13":{"type":"branch","line":28,"loc":{"start":{"line":28,"column":45},"end":{"line":30,"column":5}},"locations":[{"start":{"line":28,"column":45},"end":{"line":30,"column":5}}]},"14":{"type":"branch","line":36,"loc":{"start":{"line":36,"column":28},"end":{"line":50,"column":3}},"locations":[{"start":{"line":36,"column":28},"end":{"line":50,"column":3}}]},"15":{"type":"branch","line":44,"loc":{"start":{"line":44,"column":26},"end":{"line":49,"column":5}},"locations":[{"start":{"line":44,"column":26},"end":{"line":49,"column":5}}]},"16":{"type":"branch","line":38,"loc":{"start":{"line":38,"column":16},"end":{"line":41,"column":6}},"locations":[{"start":{"line":38,"column":16},"end":{"line":41,"column":6}}]},"17":{"type":"branch","line":52,"loc":{"start":{"line":52,"column":23},"end":{"line":74,"column":3}},"locations":[{"start":{"line":52,"column":23},"end":{"line":74,"column":3}}]},"18":{"type":"branch","line":55,"loc":{"start":{"line":55,"column":25},"end":{"line":57,"column":5}},"locations":[{"start":{"line":55,"column":25},"end":{"line":57,"column":5}}]},"19":{"type":"branch","line":57,"loc":{"start":{"line":57,"column":4},"end":{"line":63,"column":8}},"locations":[{"start":{"line":57,"column":4},"end":{"line":63,"column":8}}]},"20":{"type":"branch","line":63,"loc":{"start":{"line":63,"column":7},"end":{"line":65,"column":28}},"locations":[{"start":{"line":63,"column":7},"end":{"line":65,"column":28}}]},"21":{"type":"branch","line":65,"loc":{"start":{"line":65,"column":28},"end":{"line":67,"column":13}},"locations":[{"start":{"line":65,"column":28},"end":{"line":67,"column":13}}]},"22":{"type":"branch","line":67,"loc":{"start":{"line":67,"column":6},"end":{"line":70,"column":7}},"locations":[{"start":{"line":67,"column":6},"end":{"line":70,"column":7}}]},"23":{"type":"branch","line":71,"loc":{"start":{"line":71,"column":4},"end":{"line":73,"column":5}},"locations":[{"start":{"line":71,"column":4},"end":{"line":73,"column":5}}]}},"b":{"0":[348],"1":[1],"2":[0],"3":[0],"4":[1],"5":[347],"6":[1],"7":[4],"8":[344],"9":[8],"10":[0],"11":[0],"12":[0],"13":[1],"14":[312],"15":[0],"16":[312],"17":[8],"18":[1],"19":[7],"20":[6],"21":[4],"22":[2],"23":[1]},"fnMap":{"0":{"name":"LoginForm","decl":{"start":{"line":6,"column":28},"end":{"line":181,"column":1}},"loc":{"start":{"line":6,"column":28},"end":{"line":181,"column":1}},"line":6},"1":{"name":"validateForm","decl":{"start":{"line":17,"column":23},"end":{"line":34,"column":3}},"loc":{"start":{"line":17,"column":23},"end":{"line":34,"column":3}},"line":17},"2":{"name":"handleInputChange","decl":{"start":{"line":36,"column":28},"end":{"line":50,"column":3}},"loc":{"start":{"line":36,"column":28},"end":{"line":50,"column":3}},"line":36},"3":{"name":"handleSubmit","decl":{"start":{"line":52,"column":23},"end":{"line":74,"column":3}},"loc":{"start":{"line":52,"column":23},"end":{"line":74,"column":3}},"line":52}},"f":{"0":348,"1":8,"2":312,"3":8}}
,"/home/teymur/skill-tree/projects/web-app/src/components/auth/ProtectedRoute.tsx": {"path":"/home/teymur/skill-tree/projects/web-app/src/components/auth/ProtectedRoute.tsx","all":false,"statementMap":{"1":{"start":{"line":2,"column":0},"end":{"line":2,"column":56}},"2":{"start":{"line":3,"column":0},"end":{"line":3,"column":45}},"9":{"start":{"line":10,"column":0},"end":{"line":10,"column":56}},"10":{"start":{"line":11,"column":0},"end":{"line":11,"column":11}},"11":{"start":{"line":12,"column":0},"end":{"line":12,"column":34}},"12":{"start":{"line":13,"column":0},"end":{"line":13,"column":7}},"13":{"start":{"line":14,"column":0},"end":{"line":14,"column":56}},"14":{"start":{"line":15,"column":0},"end":{"line":15,"column":32}},"17":{"start":{"line":18,"column":0},"end":{"line":18,"column":18}},"18":{"start":{"line":19,"column":0},"end":{"line":19,"column":12}},"19":{"start":{"line":20,"column":0},"end":{"line":20,"column":80}},"20":{"start":{"line":21,"column":0},"end":{"line":21,"column":37}},"21":{"start":{"line":22,"column":0},"end":{"line":22,"column":109}},"22":{"start":{"line":23,"column":0},"end":{"line":23,"column":69}},"23":{"start":{"line":24,"column":0},"end":{"line":24,"column":14}},"24":{"start":{"line":25,"column":0},"end":{"line":25,"column":12}},"26":{"start":{"line":27,"column":0},"end":{"line":27,"column":3}},"29":{"start":{"line":30,"column":0},"end":{"line":30,"column":25}},"30":{"start":{"line":31,"column":0},"end":{"line":31,"column":70}},"31":{"start":{"line":32,"column":0},"end":{"line":32,"column":3}},"34":{"start":{"line":35,"column":0},"end":{"line":35,"column":64}},"35":{"start":{"line":36,"column":0},"end":{"line":36,"column":50}},"36":{"start":{"line":37,"column":0},"end":{"line":37,"column":3}},"38":{"start":{"line":39,"column":0},"end":{"line":39,"column":24}},"39":{"start":{"line":40,"column":0},"end":{"line":40,"column":1}},"41":{"start":{"line":42,"column":0},"end":{"line":42,"column":29}}},"s":{"1":1,"2":1,"9":1,"10":24,"11":24,"12":24,"13":24,"14":24,"17":24,"18":5,"19":5,"20":5,"21":5,"22":5,"23":5,"24":5,"26":5,"29":24,"30":4,"31":4,"34":24,"35":1,"36":1,"38":14,"39":14,"41":1},"branchMap":{"0":{"type":"branch","line":10,"loc":{"start":{"line":10,"column":54},"end":{"line":40,"column":1}},"locations":[{"start":{"line":10,"column":54},"end":{"line":40,"column":1}}]},"1":{"type":"branch","line":18,"loc":{"start":{"line":18,"column":17},"end":{"line":27,"column":3}},"locations":[{"start":{"line":18,"column":17},"end":{"line":27,"column":3}}]},"2":{"type":"branch","line":27,"loc":{"start":{"line":27,"column":2},"end":{"line":30,"column":24}},"locations":[{"start":{"line":27,"column":2},"end":{"line":30,"column":24}}]},"3":{"type":"branch","line":30,"loc":{"start":{"line":30,"column":24},"end":{"line":32,"column":3}},"locations":[{"start":{"line":30,"column":24},"end":{"line":32,"column":3}}]},"4":{"type":"branch","line":32,"loc":{"start":{"line":32,"column":2},"end":{"line":35,"column":34}},"locations":[{"start":{"line":32,"column":2},"end":{"line":35,"column":34}}]},"5":{"type":"branch","line":35,"loc":{"start":{"line":35,"column":6},"end":{"line":35,"column":42}},"locations":[{"start":{"line":35,"column":6},"end":{"line":35,"column":42}}]},"6":{"type":"branch","line":35,"loc":{"start":{"line":35,"column":34},"end":{"line":35,"column":63}},"locations":[{"start":{"line":35,"column":34},"end":{"line":35,"column":63}}]},"7":{"type":"branch","line":35,"loc":{"start":{"line":35,"column":63},"end":{"line":37,"column":3}},"locations":[{"start":{"line":35,"column":63},"end":{"line":37,"column":3}}]},"8":{"type":"branch","line":37,"loc":{"start":{"line":37,"column":2},"end":{"line":40,"column":1}},"locations":[{"start":{"line":37,"column":2},"end":{"line":40,"column":1}}]}},"b":{"0":[24],"1":[5],"2":[19],"3":[4],"4":[15],"5":[3],"6":[2],"7":[1],"8":[14]},"fnMap":{"0":{"name":"ProtectedRoute","decl":{"start":{"line":10,"column":54},"end":{"line":40,"column":1}},"loc":{"start":{"line":10,"column":54},"end":{"line":40,"column":1}},"line":10}},"f":{"0":24}}
,"/home/teymur/skill-tree/projects/web-app/src/components/auth/RegisterForm.tsx": {"path":"/home/teymur/skill-tree/projects/web-app/src/components/auth/RegisterForm.tsx","all":false,"statementMap":{"0":{"start":{"line":1,"column":0},"end":{"line":1,"column":39}},"1":{"start":{"line":2,"column":0},"end":{"line":2,"column":52}},"2":{"start":{"line":3,"column":0},"end":{"line":3,"column":45}},"5":{"start":{"line":6,"column":0},"end":{"line":6,"column":38}},"6":{"start":{"line":7,"column":0},"end":{"line":7,"column":32}},"7":{"start":{"line":8,"column":0},"end":{"line":8,"column":50}},"9":{"start":{"line":10,"column":0},"end":{"line":10,"column":62}},"10":{"start":{"line":11,"column":0},"end":{"line":11,"column":14}},"11":{"start":{"line":12,"column":0},"end":{"line":12,"column":17}},"12":{"start":{"line":13,"column":0},"end":{"line":13,"column":17}},"13":{"start":{"line":14,"column":0},"end":{"line":14,"column":24}},"14":{"start":{"line":15,"column":0},"end":{"line":15,"column":18}},"15":{"start":{"line":16,"column":0},"end":{"line":16,"column":17}},"16":{"start":{"line":17,"column":0},"end":{"line":17,"column":22}},"17":{"start":{"line":18,"column":0},"end":{"line":18,"column":4}},"19":{"start":{"line":20,"column":0},"end":{"line":20,"column":62}},"21":{"start":{"line":22,"column":0},"end":{"line":22,"column":39}},"22":{"start":{"line":23,"column":0},"end":{"line":23,"column":33}},"25":{"start":{"line":26,"column":0},"end":{"line":26,"column":26}},"26":{"start":{"line":27,"column":0},"end":{"line":27,"column":40}},"27":{"start":{"line":28,"column":0},"end":{"line":28,"column":54}},"28":{"start":{"line":29,"column":0},"end":{"line":29,"column":57}},"29":{"start":{"line":30,"column":0},"end":{"line":30,"column":5}},"32":{"start":{"line":33,"column":0},"end":{"line":33,"column":29}},"33":{"start":{"line":34,"column":0},"end":{"line":34,"column":46}},"34":{"start":{"line":35,"column":0},"end":{"line":35,"column":46}},"35":{"start":{"line":36,"column":0},"end":{"line":36,"column":64}},"36":{"start":{"line":37,"column":0},"end":{"line":37,"column":47}},"37":{"start":{"line":38,"column":0},"end":{"line":38,"column":69}},"38":{"start":{"line":39,"column":0},"end":{"line":39,"column":60}},"39":{"start":{"line":40,"column":0},"end":{"line":40,"column":85}},"40":{"start":{"line":41,"column":0},"end":{"line":41,"column":5}},"43":{"start":{"line":44,"column":0},"end":{"line":44,"column":29}},"44":{"start":{"line":45,"column":0},"end":{"line":45,"column":46}},"45":{"start":{"line":46,"column":0},"end":{"line":46,"column":46}},"46":{"start":{"line":47,"column":0},"end":{"line":47,"column":64}},"47":{"start":{"line":48,"column":0},"end":{"line":48,"column":75}},"48":{"start":{"line":49,"column":0},"end":{"line":49,"column":115}},"49":{"start":{"line":50,"column":0},"end":{"line":50,"column":5}},"52":{"start":{"line":53,"column":0},"end":{"line":53,"column":36}},"53":{"start":{"line":54,"column":0},"end":{"line":54,"column":61}},"54":{"start":{"line":55,"column":0},"end":{"line":55,"column":64}},"55":{"start":{"line":56,"column":0},"end":{"line":56,"column":55}},"56":{"start":{"line":57,"column":0},"end":{"line":57,"column":5}},"59":{"start":{"line":60,"column":0},"end":{"line":60,"column":32}},"60":{"start":{"line":61,"column":0},"end":{"line":61,"column":69}},"61":{"start":{"line":62,"column":0},"end":{"line":62,"column":5}},"63":{"start":{"line":64,"column":0},"end":{"line":64,"column":25}},"64":{"start":{"line":65,"column":0},"end":{"line":65,"column":43}},"65":{"start":{"line":66,"column":0},"end":{"line":66,"column":3}},"67":{"start":{"line":68,"column":0},"end":{"line":68,"column":73}},"68":{"start":{"line":69,"column":0},"end":{"line":69,"column":51}},"69":{"start":{"line":70,"column":0},"end":{"line":70,"column":26}},"70":{"start":{"line":71,"column":0},"end":{"line":71,"column":14}},"71":{"start":{"line":72,"column":0},"end":{"line":72,"column":51}},"72":{"start":{"line":73,"column":0},"end":{"line":73,"column":7}},"75":{"start":{"line":76,"column":0},"end":{"line":76,"column":27}},"76":{"start":{"line":77,"column":0},"end":{"line":77,"column":30}},"77":{"start":{"line":78,"column":0},"end":{"line":78,"column":16}},"78":{"start":{"line":79,"column":0},"end":{"line":79,"column":25}},"79":{"start":{"line":80,"column":0},"end":{"line":80,"column":9}},"80":{"start":{"line":81,"column":0},"end":{"line":81,"column":5}},"81":{"start":{"line":82,"column":0},"end":{"line":82,"column":3}},"83":{"start":{"line":84,"column":0},"end":{"line":84,"column":54}},"84":{"start":{"line":85,"column":0},"end":{"line":85,"column":22}},"86":{"start":{"line":87,"column":0},"end":{"line":87,"column":26}},"87":{"start":{"line":88,"column":0},"end":{"line":88,"column":12}},"88":{"start":{"line":89,"column":0},"end":{"line":89,"column":5}},"90":{"start":{"line":91,"column":0},"end":{"line":91,"column":9}},"91":{"start":{"line":92,"column":0},"end":{"line":92,"column":39}},"92":{"start":{"line":93,"column":0},"end":{"line":93,"column":51}},"93":{"start":{"line":94,"column":0},"end":{"line":94,"column":43}},"94":{"start":{"line":95,"column":0},"end":{"line":95,"column":36}},"95":{"start":{"line":96,"column":0},"end":{"line":96,"column":58}},"96":{"start":{"line":97,"column":0},"end":{"line":97,"column":55}},"97":{"start":{"line":98,"column":0},"end":{"line":98,"column":8}},"99":{"start":{"line":100,"column":0},"end":{"line":100,"column":29}},"100":{"start":{"line":101,"column":0},"end":{"line":101,"column":30}},"101":{"start":{"line":102,"column":0},"end":{"line":102,"column":14}},"103":{"start":{"line":104,"column":0},"end":{"line":104,"column":61}},"104":{"start":{"line":105,"column":0},"end":{"line":105,"column":7}},"105":{"start":{"line":106,"column":0},"end":{"line":106,"column":19}},"106":{"start":{"line":107,"column":0},"end":{"line":107,"column":47}},"107":{"start":{"line":108,"column":0},"end":{"line":108,"column":5}},"108":{"start":{"line":109,"column":0},"end":{"line":109,"column":3}},"110":{"start":{"line":111,"column":0},"end":{"line":111,"column":10}},"111":{"start":{"line":112,"column":0},"end":{"line":112,"column":45}},"112":{"start":{"line":113,"column":0},"end":{"line":113,"column":57}},"113":{"start":{"line":114,"column":0},"end":{"line":114,"column":42}},"114":{"start":{"line":115,"column":0},"end":{"line":115,"column":64}},"116":{"start":{"line":117,"column":0},"end":{"line":117,"column":15}},"117":{"start":{"line":118,"column":0},"end":{"line":118,"column":39}},"119":{"start":{"line":120,"column":0},"end":{"line":120,"column":14}},"120":{"start":{"line":121,"column":0},"end":{"line":121,"column":14}},"122":{"start":{"line":123,"column":0},"end":{"line":123,"column":19}},"123":{"start":{"line":124,"column":0},"end":{"line":124,"column":79}},"124":{"start":{"line":125,"column":0},"end":{"line":125,"column":71}},"125":{"start":{"line":126,"column":0},"end":{"line":126,"column":16}},"128":{"start":{"line":129,"column":0},"end":{"line":129,"column":60}},"129":{"start":{"line":130,"column":0},"end":{"line":130,"column":50}},"130":{"start":{"line":131,"column":0},"end":{"line":131,"column":17}},"131":{"start":{"line":132,"column":0},"end":{"line":132,"column":98}},"133":{"start":{"line":134,"column":0},"end":{"line":134,"column":22}},"134":{"start":{"line":135,"column":0},"end":{"line":135,"column":20}},"135":{"start":{"line":136,"column":0},"end":{"line":136,"column":30}},"136":{"start":{"line":137,"column":0},"end":{"line":137,"column":32}},"137":{"start":{"line":138,"column":0},"end":{"line":138,"column":27}},"138":{"start":{"line":139,"column":0},"end":{"line":139,"column":41}},"139":{"start":{"line":140,"column":0},"end":{"line":140,"column":42}},"140":{"start":{"line":141,"column":0},"end":{"line":141,"column":44}},"141":{"start":{"line":142,"column":0},"end":{"line":142,"column":38}},"142":{"start":{"line":143,"column":0},"end":{"line":143,"column":34}},"143":{"start":{"line":144,"column":0},"end":{"line":144,"column":36}},"144":{"start":{"line":145,"column":0},"end":{"line":145,"column":16}},"145":{"start":{"line":146,"column":0},"end":{"line":146,"column":18}},"147":{"start":{"line":148,"column":0},"end":{"line":148,"column":17}},"148":{"start":{"line":149,"column":0},"end":{"line":149,"column":97}},"150":{"start":{"line":151,"column":0},"end":{"line":151,"column":22}},"151":{"start":{"line":152,"column":0},"end":{"line":152,"column":20}},"152":{"start":{"line":153,"column":0},"end":{"line":153,"column":29}},"153":{"start":{"line":154,"column":0},"end":{"line":154,"column":31}},"154":{"start":{"line":155,"column":0},"end":{"line":155,"column":27}},"155":{"start":{"line":156,"column":0},"end":{"line":156,"column":42}},"156":{"start":{"line":157,"column":0},"end":{"line":157,"column":41}},"157":{"start":{"line":158,"column":0},"end":{"line":158,"column":44}},"158":{"start":{"line":159,"column":0},"end":{"line":159,"column":38}},"159":{"start":{"line":160,"column":0},"end":{"line":160,"column":33}},"160":{"start":{"line":161,"column":0},"end":{"line":161,"column":36}},"161":{"start":{"line":162,"column":0},"end":{"line":162,"column":16}},"162":{"start":{"line":163,"column":0},"end":{"line":163,"column":18}},"163":{"start":{"line":164,"column":0},"end":{"line":164,"column":16}},"165":{"start":{"line":166,"column":0},"end":{"line":166,"column":15}},"166":{"start":{"line":167,"column":0},"end":{"line":167,"column":92}},"168":{"start":{"line":169,"column":0},"end":{"line":169,"column":20}},"169":{"start":{"line":170,"column":0},"end":{"line":170,"column":18}},"170":{"start":{"line":171,"column":0},"end":{"line":171,"column":24}},"171":{"start":{"line":172,"column":0},"end":{"line":172,"column":26}},"172":{"start":{"line":173,"column":0},"end":{"line":173,"column":26}},"173":{"start":{"line":174,"column":0},"end":{"line":174,"column":34}},"174":{"start":{"line":175,"column":0},"end":{"line":175,"column":22}},"175":{"start":{"line":176,"column":0},"end":{"line":176,"column":36}},"176":{"start":{"line":177,"column":0},"end":{"line":177,"column":42}},"177":{"start":{"line":178,"column":0},"end":{"line":178,"column":78}},"178":{"start":{"line":179,"column":0},"end":{"line":179,"column":48}},"179":{"start":{"line":180,"column":0},"end":{"line":180,"column":34}},"180":{"start":{"line":181,"column":0},"end":{"line":181,"column":14}},"181":{"start":{"line":182,"column":0},"end":{"line":182,"column":34}},"182":{"start":{"line":183,"column":0},"end":{"line":183,"column":77}},"184":{"start":{"line":185,"column":0},"end":{"line":185,"column":16}},"186":{"start":{"line":187,"column":0},"end":{"line":187,"column":15}},"187":{"start":{"line":188,"column":0},"end":{"line":188,"column":95}},"189":{"start":{"line":190,"column":0},"end":{"line":190,"column":20}},"190":{"start":{"line":191,"column":0},"end":{"line":191,"column":18}},"191":{"start":{"line":192,"column":0},"end":{"line":192,"column":27}},"192":{"start":{"line":193,"column":0},"end":{"line":193,"column":29}},"193":{"start":{"line":194,"column":0},"end":{"line":194,"column":25}},"194":{"start":{"line":195,"column":0},"end":{"line":195,"column":37}},"195":{"start":{"line":196,"column":0},"end":{"line":196,"column":22}},"196":{"start":{"line":197,"column":0},"end":{"line":197,"column":39}},"197":{"start":{"line":198,"column":0},"end":{"line":198,"column":42}},"198":{"start":{"line":199,"column":0},"end":{"line":199,"column":81}},"199":{"start":{"line":200,"column":0},"end":{"line":200,"column":35}},"200":{"start":{"line":201,"column":0},"end":{"line":201,"column":34}},"201":{"start":{"line":202,"column":0},"end":{"line":202,"column":14}},"202":{"start":{"line":203,"column":0},"end":{"line":203,"column":37}},"203":{"start":{"line":204,"column":0},"end":{"line":204,"column":80}},"205":{"start":{"line":206,"column":0},"end":{"line":206,"column":16}},"207":{"start":{"line":208,"column":0},"end":{"line":208,"column":15}},"208":{"start":{"line":209,"column":0},"end":{"line":209,"column":95}},"210":{"start":{"line":211,"column":0},"end":{"line":211,"column":20}},"211":{"start":{"line":212,"column":0},"end":{"line":212,"column":18}},"212":{"start":{"line":213,"column":0},"end":{"line":213,"column":27}},"213":{"start":{"line":214,"column":0},"end":{"line":214,"column":29}},"214":{"start":{"line":215,"column":0},"end":{"line":215,"column":29}},"215":{"start":{"line":216,"column":0},"end":{"line":216,"column":41}},"216":{"start":{"line":217,"column":0},"end":{"line":217,"column":22}},"217":{"start":{"line":218,"column":0},"end":{"line":218,"column":39}},"218":{"start":{"line":219,"column":0},"end":{"line":219,"column":42}},"219":{"start":{"line":220,"column":0},"end":{"line":220,"column":81}},"220":{"start":{"line":221,"column":0},"end":{"line":221,"column":36}},"221":{"start":{"line":222,"column":0},"end":{"line":222,"column":34}},"222":{"start":{"line":223,"column":0},"end":{"line":223,"column":14}},"223":{"start":{"line":224,"column":0},"end":{"line":224,"column":37}},"224":{"start":{"line":225,"column":0},"end":{"line":225,"column":80}},"226":{"start":{"line":227,"column":0},"end":{"line":227,"column":16}},"228":{"start":{"line":229,"column":0},"end":{"line":229,"column":15}},"229":{"start":{"line":230,"column":0},"end":{"line":230,"column":102}},"231":{"start":{"line":232,"column":0},"end":{"line":232,"column":20}},"232":{"start":{"line":233,"column":0},"end":{"line":233,"column":18}},"233":{"start":{"line":234,"column":0},"end":{"line":234,"column":34}},"234":{"start":{"line":235,"column":0},"end":{"line":235,"column":36}},"235":{"start":{"line":236,"column":0},"end":{"line":236,"column":29}},"236":{"start":{"line":237,"column":0},"end":{"line":237,"column":41}},"237":{"start":{"line":238,"column":0},"end":{"line":238,"column":22}},"238":{"start":{"line":239,"column":0},"end":{"line":239,"column":46}},"239":{"start":{"line":240,"column":0},"end":{"line":240,"column":42}},"240":{"start":{"line":241,"column":0},"end":{"line":241,"column":88}},"241":{"start":{"line":242,"column":0},"end":{"line":242,"column":36}},"242":{"start":{"line":243,"column":0},"end":{"line":243,"column":34}},"243":{"start":{"line":244,"column":0},"end":{"line":244,"column":14}},"244":{"start":{"line":245,"column":0},"end":{"line":245,"column":44}},"245":{"start":{"line":246,"column":0},"end":{"line":246,"column":87}},"247":{"start":{"line":248,"column":0},"end":{"line":248,"column":16}},"249":{"start":{"line":250,"column":0},"end":{"line":250,"column":44}},"250":{"start":{"line":251,"column":0},"end":{"line":251,"column":51}},"251":{"start":{"line":252,"column":0},"end":{"line":252,"column":20}},"252":{"start":{"line":253,"column":0},"end":{"line":253,"column":32}},"253":{"start":{"line":254,"column":0},"end":{"line":254,"column":34}},"254":{"start":{"line":255,"column":0},"end":{"line":255,"column":31}},"255":{"start":{"line":256,"column":0},"end":{"line":256,"column":46}},"256":{"start":{"line":257,"column":0},"end":{"line":257,"column":44}},"257":{"start":{"line":258,"column":0},"end":{"line":258,"column":93}},"258":{"start":{"line":259,"column":0},"end":{"line":259,"column":36}},"259":{"start":{"line":260,"column":0},"end":{"line":260,"column":16}},"260":{"start":{"line":261,"column":0},"end":{"line":261,"column":18}},"261":{"start":{"line":262,"column":0},"end":{"line":262,"column":42}},"262":{"start":{"line":263,"column":0},"end":{"line":263,"column":69}},"263":{"start":{"line":264,"column":0},"end":{"line":264,"column":33}},"264":{"start":{"line":265,"column":0},"end":{"line":265,"column":92}},"266":{"start":{"line":267,"column":0},"end":{"line":267,"column":28}},"267":{"start":{"line":268,"column":0},"end":{"line":268,"column":24}},"268":{"start":{"line":269,"column":0},"end":{"line":269,"column":94}},"270":{"start":{"line":271,"column":0},"end":{"line":271,"column":23}},"271":{"start":{"line":272,"column":0},"end":{"line":272,"column":22}},"272":{"start":{"line":273,"column":0},"end":{"line":273,"column":42}},"273":{"start":{"line":274,"column":0},"end":{"line":274,"column":77}},"275":{"start":{"line":276,"column":0},"end":{"line":276,"column":18}},"276":{"start":{"line":277,"column":0},"end":{"line":277,"column":16}},"278":{"start":{"line":279,"column":0},"end":{"line":279,"column":17}},"279":{"start":{"line":280,"column":0},"end":{"line":280,"column":25}},"280":{"start":{"line":281,"column":0},"end":{"line":281,"column":32}},"281":{"start":{"line":282,"column":0},"end":{"line":282,"column":73}},"283":{"start":{"line":284,"column":0},"end":{"line":284,"column":26}},"284":{"start":{"line":285,"column":0},"end":{"line":285,"column":65}},"285":{"start":{"line":286,"column":0},"end":{"line":286,"column":143}},"286":{"start":{"line":287,"column":0},"end":{"line":287,"column":119}},"287":{"start":{"line":288,"column":0},"end":{"line":288,"column":190}},"288":{"start":{"line":289,"column":0},"end":{"line":289,"column":22}},"290":{"start":{"line":291,"column":0},"end":{"line":291,"column":21}},"292":{"start":{"line":293,"column":0},"end":{"line":293,"column":30}},"294":{"start":{"line":295,"column":0},"end":{"line":295,"column":19}},"295":{"start":{"line":296,"column":0},"end":{"line":296,"column":15}},"297":{"start":{"line":298,"column":0},"end":{"line":298,"column":42}},"298":{"start":{"line":299,"column":0},"end":{"line":299,"column":47}},"299":{"start":{"line":300,"column":0},"end":{"line":300,"column":41}},"300":{"start":{"line":301,"column":0},"end":{"line":301,"column":17}},"301":{"start":{"line":302,"column":0},"end":{"line":302,"column":25}},"302":{"start":{"line":303,"column":0},"end":{"line":303,"column":71}},"303":{"start":{"line":304,"column":0},"end":{"line":304,"column":13}},"305":{"start":{"line":306,"column":0},"end":{"line":306,"column":19}},"306":{"start":{"line":307,"column":0},"end":{"line":307,"column":14}},"307":{"start":{"line":308,"column":0},"end":{"line":308,"column":14}},"308":{"start":{"line":309,"column":0},"end":{"line":309,"column":12}},"309":{"start":{"line":310,"column":0},"end":{"line":310,"column":10}},"311":{"start":{"line":312,"column":0},"end":{"line":312,"column":1}},"313":{"start":{"line":314,"column":0},"end":{"line":314,"column":27}}},"s":{"0":1,"1":1,"2":1,"5":1,"6":761,"7":761,"9":761,"10":761,"11":761,"12":761,"13":761,"14":761,"15":761,"16":761,"17":761,"19":761,"21":761,"22":13,"25":13,"26":0,"27":13,"28":0,"29":0,"32":13,"33":0,"34":13,"35":1,"36":13,"37":0,"38":12,"39":1,"40":1,"43":13,"44":0,"45":13,"46":1,"47":13,"48":0,"49":0,"52":13,"53":0,"54":13,"55":1,"56":1,"59":13,"60":1,"61":1,"63":13,"64":13,"65":13,"67":761,"68":719,"69":719,"70":719,"71":719,"72":719,"75":719,"76":0,"77":0,"78":0,"79":0,"80":0,"81":719,"83":761,"84":13,"86":13,"87":5,"88":5,"90":8,"91":8,"92":8,"93":8,"94":8,"95":13,"96":13,"97":13,"99":13,"100":6,"101":13,"103":1,"104":1,"105":13,"106":1,"107":1,"108":13,"110":761,"111":761,"112":761,"113":761,"114":761,"116":761,"117":761,"119":761,"120":761,"122":761,"123":1,"124":1,"125":1,"128":761,"129":761,"130":761,"131":761,"133":761,"134":761,"135":761,"136":761,"137":761,"138":761,"139":761,"140":761,"141":761,"142":761,"143":761,"144":761,"145":761,"147":761,"148":761,"150":761,"151":761,"152":761,"153":761,"154":761,"155":761,"156":761,"157":761,"158":761,"159":761,"160":761,"161":761,"162":761,"163":761,"165":761,"166":761,"168":761,"169":761,"170":761,"171":761,"172":761,"173":761,"174":761,"175":761,"176":761,"177":761,"178":761,"179":761,"180":761,"181":761,"182":0,"184":761,"186":761,"187":761,"189":761,"190":761,"191":761,"192":761,"193":761,"194":761,"195":761,"196":761,"197":761,"198":761,"199":761,"200":761,"201":761,"202":761,"203":2,"205":761,"207":761,"208":761,"210":761,"211":761,"212":761,"213":761,"214":761,"215":761,"216":761,"217":761,"218":761,"219":761,"220":761,"221":761,"222":761,"223":761,"224":1,"226":761,"228":761,"229":761,"231":761,"232":761,"233":761,"234":761,"235":761,"236":761,"237":761,"238":761,"239":761,"240":761,"241":761,"242":761,"243":761,"244":761,"245":1,"247":761,"249":761,"250":761,"251":761,"252":761,"253":761,"254":761,"255":761,"256":761,"257":761,"258":761,"259":761,"260":761,"261":761,"262":761,"263":761,"264":761,"266":761,"267":761,"268":761,"270":761,"271":761,"272":761,"273":1,"275":761,"276":761,"278":761,"279":761,"280":761,"281":761,"283":761,"284":4,"285":4,"286":4,"287":4,"288":4,"290":4,"292":757,"294":761,"295":761,"297":761,"298":761,"299":761,"300":761,"301":761,"302":761,"303":761,"305":761,"306":761,"307":761,"308":761,"309":761,"311":761,"313":1},"branchMap":{"0":{"type":"branch","line":6,"loc":{"start":{"line":6,"column":31},"end":{"line":312,"column":1}},"locations":[{"start":{"line":6,"column":31},"end":{"line":312,"column":1}}]},"1":{"type":"branch","line":123,"loc":{"start":{"line":123,"column":9},"end":{"line":126,"column":16}},"locations":[{"start":{"line":123,"column":9},"end":{"line":126,"column":16}}]},"2":{"type":"branch","line":178,"loc":{"start":{"line":178,"column":50},"end":{"line":178,"column":73}},"locations":[{"start":{"line":178,"column":50},"end":{"line":178,"column":73}}]},"3":{"type":"branch","line":182,"loc":{"start":{"line":182,"column":24},"end":{"line":183,"column":77}},"locations":[{"start":{"line":182,"column":24},"end":{"line":183,"column":77}}]},"4":{"type":"branch","line":199,"loc":{"start":{"line":199,"column":50},"end":{"line":199,"column":76}},"locations":[{"start":{"line":199,"column":50},"end":{"line":199,"column":76}}]},"5":{"type":"branch","line":199,"loc":{"start":{"line":199,"column":61},"end":{"line":199,"column":78}},"locations":[{"start":{"line":199,"column":61},"end":{"line":199,"column":78}}]},"6":{"type":"branch","line":203,"loc":{"start":{"line":203,"column":24},"end":{"line":204,"column":80}},"locations":[{"start":{"line":203,"column":24},"end":{"line":204,"column":80}}]},"7":{"type":"branch","line":220,"loc":{"start":{"line":220,"column":50},"end":{"line":220,"column":76}},"locations":[{"start":{"line":220,"column":50},"end":{"line":220,"column":76}}]},"8":{"type":"branch","line":220,"loc":{"start":{"line":220,"column":61},"end":{"line":220,"column":78}},"locations":[{"start":{"line":220,"column":61},"end":{"line":220,"column":78}}]},"9":{"type":"branch","line":224,"loc":{"start":{"line":224,"column":24},"end":{"line":225,"column":80}},"locations":[{"start":{"line":224,"column":24},"end":{"line":225,"column":80}}]},"10":{"type":"branch","line":241,"loc":{"start":{"line":241,"column":50},"end":{"line":241,"column":83}},"locations":[{"start":{"line":241,"column":50},"end":{"line":241,"column":83}}]},"11":{"type":"branch","line":241,"loc":{"start":{"line":241,"column":68},"end":{"line":241,"column":85}},"locations":[{"start":{"line":241,"column":68},"end":{"line":241,"column":85}}]},"12":{"type":"branch","line":245,"loc":{"start":{"line":245,"column":24},"end":{"line":246,"column":87}},"locations":[{"start":{"line":245,"column":24},"end":{"line":246,"column":87}}]},"13":{"type":"branch","line":273,"loc":{"start":{"line":273,"column":26},"end":{"line":274,"column":77}},"locations":[{"start":{"line":273,"column":26},"end":{"line":274,"column":77}}]},"14":{"type":"branch","line":284,"loc":{"start":{"line":284,"column":13},"end":{"line":291,"column":21}},"locations":[{"start":{"line":284,"column":13},"end":{"line":291,"column":21}}]},"15":{"type":"branch","line":291,"loc":{"start":{"line":291,"column":14},"end":{"line":293,"column":30}},"locations":[{"start":{"line":291,"column":14},"end":{"line":293,"column":30}}]},"16":{"type":"branch","line":22,"loc":{"start":{"line":22,"column":23},"end":{"line":66,"column":3}},"locations":[{"start":{"line":22,"column":23},"end":{"line":66,"column":3}}]},"17":{"type":"branch","line":26,"loc":{"start":{"line":26,"column":25},"end":{"line":28,"column":15}},"locations":[{"start":{"line":26,"column":25},"end":{"line":28,"column":15}}]},"18":{"type":"branch","line":28,"loc":{"start":{"line":28,"column":53},"end":{"line":30,"column":5}},"locations":[{"start":{"line":28,"column":53},"end":{"line":30,"column":5}}]},"19":{"type":"branch","line":33,"loc":{"start":{"line":33,"column":28},"end":{"line":35,"column":15}},"locations":[{"start":{"line":33,"column":28},"end":{"line":35,"column":15}}]},"20":{"type":"branch","line":35,"loc":{"start":{"line":35,"column":45},"end":{"line":37,"column":15}},"locations":[{"start":{"line":35,"column":45},"end":{"line":37,"column":15}}]},"21":{"type":"branch","line":37,"loc":{"start":{"line":37,"column":4},"end":{"line":41,"column":5}},"locations":[{"start":{"line":37,"column":4},"end":{"line":41,"column":5}}]},"22":{"type":"branch","line":37,"loc":{"start":{"line":37,"column":46},"end":{"line":39,"column":15}},"locations":[{"start":{"line":37,"column":46},"end":{"line":39,"column":15}}]},"23":{"type":"branch","line":39,"loc":{"start":{"line":39,"column":59},"end":{"line":41,"column":5}},"locations":[{"start":{"line":39,"column":59},"end":{"line":41,"column":5}}]},"24":{"type":"branch","line":44,"loc":{"start":{"line":44,"column":28},"end":{"line":46,"column":15}},"locations":[{"start":{"line":44,"column":28},"end":{"line":46,"column":15}}]},"25":{"type":"branch","line":46,"loc":{"start":{"line":46,"column":45},"end":{"line":48,"column":15}},"locations":[{"start":{"line":46,"column":45},"end":{"line":48,"column":15}}]},"26":{"type":"branch","line":48,"loc":{"start":{"line":48,"column":4},"end":{"line":50,"column":5}},"locations":[{"start":{"line":48,"column":4},"end":{"line":50,"column":5}}]},"27":{"type":"branch","line":48,"loc":{"start":{"line":48,"column":74},"end":{"line":50,"column":5}},"locations":[{"start":{"line":48,"column":74},"end":{"line":50,"column":5}}]},"28":{"type":"branch","line":53,"loc":{"start":{"line":53,"column":35},"end":{"line":55,"column":15}},"locations":[{"start":{"line":53,"column":35},"end":{"line":55,"column":15}}]},"29":{"type":"branch","line":55,"loc":{"start":{"line":55,"column":63},"end":{"line":57,"column":5}},"locations":[{"start":{"line":55,"column":63},"end":{"line":57,"column":5}}]},"30":{"type":"branch","line":60,"loc":{"start":{"line":60,"column":31},"end":{"line":62,"column":5}},"locations":[{"start":{"line":60,"column":31},"end":{"line":62,"column":5}}]},"31":{"type":"branch","line":68,"loc":{"start":{"line":68,"column":28},"end":{"line":82,"column":3}},"locations":[{"start":{"line":68,"column":28},"end":{"line":82,"column":3}}]},"32":{"type":"branch","line":76,"loc":{"start":{"line":76,"column":26},"end":{"line":81,"column":5}},"locations":[{"start":{"line":76,"column":26},"end":{"line":81,"column":5}}]},"33":{"type":"branch","line":70,"loc":{"start":{"line":70,"column":16},"end":{"line":73,"column":6}},"locations":[{"start":{"line":70,"column":16},"end":{"line":73,"column":6}}]},"34":{"type":"branch","line":72,"loc":{"start":{"line":72,"column":23},"end":{"line":72,"column":46}},"locations":[{"start":{"line":72,"column":23},"end":{"line":72,"column":46}}]},"35":{"type":"branch","line":72,"loc":{"start":{"line":72,"column":36},"end":{"line":72,"column":51}},"locations":[{"start":{"line":72,"column":36},"end":{"line":72,"column":51}}]},"36":{"type":"branch","line":84,"loc":{"start":{"line":84,"column":23},"end":{"line":109,"column":3}},"locations":[{"start":{"line":84,"column":23},"end":{"line":109,"column":3}}]},"37":{"type":"branch","line":87,"loc":{"start":{"line":87,"column":25},"end":{"line":89,"column":5}},"locations":[{"start":{"line":87,"column":25},"end":{"line":89,"column":5}}]},"38":{"type":"branch","line":89,"loc":{"start":{"line":89,"column":4},"end":{"line":96,"column":48}},"locations":[{"start":{"line":89,"column":4},"end":{"line":96,"column":48}}]},"39":{"type":"branch","line":96,"loc":{"start":{"line":96,"column":43},"end":{"line":96,"column":58}},"locations":[{"start":{"line":96,"column":43},"end":{"line":96,"column":58}}]},"40":{"type":"branch","line":97,"loc":{"start":{"line":97,"column":41},"end":{"line":97,"column":55}},"locations":[{"start":{"line":97,"column":41},"end":{"line":97,"column":55}}]},"41":{"type":"branch","line":98,"loc":{"start":{"line":98,"column":7},"end":{"line":100,"column":28}},"locations":[{"start":{"line":98,"column":7},"end":{"line":100,"column":28}}]},"42":{"type":"branch","line":100,"loc":{"start":{"line":100,"column":28},"end":{"line":102,"column":13}},"locations":[{"start":{"line":100,"column":28},"end":{"line":102,"column":13}}]},"43":{"type":"branch","line":102,"loc":{"start":{"line":102,"column":6},"end":{"line":105,"column":7}},"locations":[{"start":{"line":102,"column":6},"end":{"line":105,"column":7}}]},"44":{"type":"branch","line":106,"loc":{"start":{"line":106,"column":4},"end":{"line":108,"column":5}},"locations":[{"start":{"line":106,"column":4},"end":{"line":108,"column":5}}]}},"b":{"0":[761],"1":[1],"2":[0],"3":[0],"4":[2],"5":[759],"6":[2],"7":[1],"8":[760],"9":[1],"10":[1],"11":[760],"12":[1],"13":[1],"14":[4],"15":[757],"16":[13],"17":[0],"18":[0],"19":[0],"20":[1],"21":[12],"22":[0],"23":[1],"24":[0],"25":[1],"26":[12],"27":[0],"28":[0],"29":[1],"30":[1],"31":[719],"32":[0],"33":[719],"34":[15],"35":[704],"36":[13],"37":[5],"38":[8],"39":[7],"40":[7],"41":[7],"42":[6],"43":[1],"44":[1]},"fnMap":{"0":{"name":"RegisterForm","decl":{"start":{"line":6,"column":31},"end":{"line":312,"column":1}},"loc":{"start":{"line":6,"column":31},"end":{"line":312,"column":1}},"line":6},"1":{"name":"validateForm","decl":{"start":{"line":22,"column":23},"end":{"line":66,"column":3}},"loc":{"start":{"line":22,"column":23},"end":{"line":66,"column":3}},"line":22},"2":{"name":"handleInputChange","decl":{"start":{"line":68,"column":28},"end":{"line":82,"column":3}},"loc":{"start":{"line":68,"column":28},"end":{"line":82,"column":3}},"line":68},"3":{"name":"handleSubmit","decl":{"start":{"line":84,"column":23},"end":{"line":109,"column":3}},"loc":{"start":{"line":84,"column":23},"end":{"line":109,"column":3}},"line":84}},"f":{"0":761,"1":13,"2":719,"3":13}}
,"/home/teymur/skill-tree/projects/web-app/src/components/layout/AppLayout.tsx": {"path":"/home/teymur/skill-tree/projects/web-app/src/components/layout/AppLayout.tsx","all":true,"statementMap":{"1":{"start":{"line":2,"column":0},"end":{"line":2,"column":45}},"2":{"start":{"line":3,"column":0},"end":{"line":3,"column":43}},"8":{"start":{"line":9,"column":0},"end":{"line":9,"column":63}},"9":{"start":{"line":10,"column":0},"end":{"line":10,"column":55}},"10":{"start":{"line":11,"column":0},"end":{"line":11,"column":34}},"12":{"start":{"line":13,"column":0},"end":{"line":13,"column":36}},"13":{"start":{"line":14,"column":0},"end":{"line":14,"column":18}},"14":{"start":{"line":15,"column":0},"end":{"line":15,"column":3}},"16":{"start":{"line":17,"column":0},"end":{"line":17,"column":10}},"17":{"start":{"line":18,"column":0},"end":{"line":18,"column":45}},"19":{"start":{"line":20,"column":0},"end":{"line":20,"column":33}},"20":{"start":{"line":21,"column":0},"end":{"line":21,"column":77}},"21":{"start":{"line":22,"column":0},"end":{"line":22,"column":96}},"22":{"start":{"line":23,"column":0},"end":{"line":23,"column":14}},"26":{"start":{"line":27,"column":0},"end":{"line":27,"column":70}},"27":{"start":{"line":28,"column":0},"end":{"line":28,"column":64}},"28":{"start":{"line":29,"column":0},"end":{"line":29,"column":66}},"30":{"start":{"line":31,"column":0},"end":{"line":31,"column":47}},"31":{"start":{"line":32,"column":0},"end":{"line":32,"column":45}},"32":{"start":{"line":33,"column":0},"end":{"line":33,"column":79}},"33":{"start":{"line":34,"column":0},"end":{"line":34,"column":20}},"34":{"start":{"line":35,"column":0},"end":{"line":35,"column":67}},"35":{"start":{"line":36,"column":0},"end":{"line":36,"column":124}},"37":{"start":{"line":38,"column":0},"end":{"line":38,"column":20}},"38":{"start":{"line":39,"column":0},"end":{"line":39,"column":126}},"40":{"start":{"line":41,"column":0},"end":{"line":41,"column":20}},"41":{"start":{"line":42,"column":0},"end":{"line":42,"column":123}},"43":{"start":{"line":44,"column":0},"end":{"line":44,"column":20}},"44":{"start":{"line":45,"column":0},"end":{"line":45,"column":20}},"45":{"start":{"line":46,"column":0},"end":{"line":46,"column":18}},"48":{"start":{"line":49,"column":0},"end":{"line":49,"column":22}},"49":{"start":{"line":50,"column":0},"end":{"line":50,"column":59}},"51":{"start":{"line":52,"column":0},"end":{"line":52,"column":71}},"52":{"start":{"line":53,"column":0},"end":{"line":53,"column":46}},"53":{"start":{"line":54,"column":0},"end":{"line":54,"column":71}},"54":{"start":{"line":55,"column":0},"end":{"line":55,"column":39}},"55":{"start":{"line":56,"column":0},"end":{"line":56,"column":26}},"56":{"start":{"line":57,"column":0},"end":{"line":57,"column":59}},"57":{"start":{"line":58,"column":0},"end":{"line":58,"column":33}},"58":{"start":{"line":59,"column":0},"end":{"line":59,"column":26}},"59":{"start":{"line":60,"column":0},"end":{"line":60,"column":24}},"60":{"start":{"line":61,"column":0},"end":{"line":61,"column":85}},"61":{"start":{"line":62,"column":0},"end":{"line":62,"column":24}},"62":{"start":{"line":63,"column":0},"end":{"line":63,"column":113}},"63":{"start":{"line":64,"column":0},"end":{"line":64,"column":61}},"64":{"start":{"line":65,"column":0},"end":{"line":65,"column":22}},"65":{"start":{"line":66,"column":0},"end":{"line":66,"column":24}},"66":{"start":{"line":67,"column":0},"end":{"line":67,"column":22}},"69":{"start":{"line":70,"column":0},"end":{"line":70,"column":61}},"70":{"start":{"line":71,"column":0},"end":{"line":71,"column":37}},"71":{"start":{"line":72,"column":0},"end":{"line":72,"column":24}},"72":{"start":{"line":73,"column":0},"end":{"line":73,"column":54}},"73":{"start":{"line":74,"column":0},"end":{"line":74,"column":42}},"74":{"start":{"line":75,"column":0},"end":{"line":75,"column":41}},"75":{"start":{"line":76,"column":0},"end":{"line":76,"column":22}},"77":{"start":{"line":78,"column":0},"end":{"line":78,"column":103}},"78":{"start":{"line":79,"column":0},"end":{"line":79,"column":71}},"79":{"start":{"line":80,"column":0},"end":{"line":80,"column":63}},"80":{"start":{"line":81,"column":0},"end":{"line":81,"column":29}},"81":{"start":{"line":82,"column":0},"end":{"line":82,"column":26}},"84":{"start":{"line":85,"column":0},"end":{"line":85,"column":51}},"85":{"start":{"line":86,"column":0},"end":{"line":86,"column":71}},"86":{"start":{"line":87,"column":0},"end":{"line":87,"column":55}},"87":{"start":{"line":88,"column":0},"end":{"line":88,"column":26}},"88":{"start":{"line":89,"column":0},"end":{"line":89,"column":59}},"89":{"start":{"line":90,"column":0},"end":{"line":90,"column":38}},"90":{"start":{"line":91,"column":0},"end":{"line":91,"column":26}},"91":{"start":{"line":92,"column":0},"end":{"line":92,"column":24}},"93":{"start":{"line":94,"column":0},"end":{"line":94,"column":25}},"94":{"start":{"line":95,"column":0},"end":{"line":95,"column":42}},"95":{"start":{"line":96,"column":0},"end":{"line":96,"column":137}},"96":{"start":{"line":97,"column":0},"end":{"line":97,"column":36}},"98":{"start":{"line":99,"column":0},"end":{"line":99,"column":99}},"99":{"start":{"line":100,"column":0},"end":{"line":100,"column":185}},"100":{"start":{"line":101,"column":0},"end":{"line":101,"column":26}},"101":{"start":{"line":102,"column":0},"end":{"line":102,"column":27}},"102":{"start":{"line":103,"column":0},"end":{"line":103,"column":22}},"103":{"start":{"line":104,"column":0},"end":{"line":104,"column":20}},"105":{"start":{"line":106,"column":0},"end":{"line":106,"column":16}},"106":{"start":{"line":107,"column":0},"end":{"line":107,"column":14}},"107":{"start":{"line":108,"column":0},"end":{"line":108,"column":15}},"110":{"start":{"line":111,"column":0},"end":{"line":111,"column":31}},"111":{"start":{"line":112,"column":0},"end":{"line":112,"column":18}},"112":{"start":{"line":113,"column":0},"end":{"line":113,"column":13}},"115":{"start":{"line":116,"column":0},"end":{"line":116,"column":68}},"116":{"start":{"line":117,"column":0},"end":{"line":117,"column":69}},"117":{"start":{"line":118,"column":0},"end":{"line":118,"column":61}},"118":{"start":{"line":119,"column":0},"end":{"line":119,"column":49}},"120":{"start":{"line":121,"column":0},"end":{"line":121,"column":16}},"121":{"start":{"line":122,"column":0},"end":{"line":122,"column":44}},"122":{"start":{"line":123,"column":0},"end":{"line":123,"column":85}},"124":{"start":{"line":125,"column":0},"end":{"line":125,"column":18}},"125":{"start":{"line":126,"column":0},"end":{"line":126,"column":87}},"127":{"start":{"line":128,"column":0},"end":{"line":128,"column":18}},"128":{"start":{"line":129,"column":0},"end":{"line":129,"column":87}},"130":{"start":{"line":131,"column":0},"end":{"line":131,"column":18}},"131":{"start":{"line":132,"column":0},"end":{"line":132,"column":18}},"132":{"start":{"line":133,"column":0},"end":{"line":133,"column":16}},"133":{"start":{"line":134,"column":0},"end":{"line":134,"column":14}},"134":{"start":{"line":135,"column":0},"end":{"line":135,"column":15}},"135":{"start":{"line":136,"column":0},"end":{"line":136,"column":10}},"137":{"start":{"line":138,"column":0},"end":{"line":138,"column":1}},"139":{"start":{"line":140,"column":0},"end":{"line":140,"column":24}}},"s":{"1":0,"2":0,"8":0,"9":0,"10":0,"12":0,"13":0,"14":0,"16":0,"17":0,"19":0,"20":0,"21":0,"22":0,"26":0,"27":0,"28":0,"30":0,"31":0,"32":0,"33":0,"34":0,"35":0,"37":0,"38":0,"40":0,"41":0,"43":0,"44":0,"45":0,"48":0,"49":0,"51":0,"52":0,"53":0,"54":0,"55":0,"56":0,"57":0,"58":0,"59":0,"60":0,"61":0,"62":0,"63":0,"64":0,"65":0,"66":0,"69":0,"70":0,"71":0,"72":0,"73":0,"74":0,"75":0,"77":0,"78":0,"79":0,"80":0,"81":0,"84":0,"85":0,"86":0,"87":0,"88":0,"89":0,"90":0,"91":0,"93":0,"94":0,"95":0,"96":0,"98":0,"99":0,"100":0,"101":0,"102":0,"103":0,"105":0,"106":0,"107":0,"110":0,"111":0,"112":0,"115":0,"116":0,"117":0,"118":0,"120":0,"121":0,"122":0,"124":0,"125":0,"127":0,"128":0,"130":0,"131":0,"132":0,"133":0,"134":0,"135":0,"137":0,"139":0},"branchMap":{"0":{"type":"branch","line":1,"loc":{"start":{"line":1,"column":5457},"end":{"line":140,"column":24}},"locations":[{"start":{"line":1,"column":5457},"end":{"line":140,"column":24}}]}},"b":{"0":[1]},"fnMap":{"0":{"name":"(empty-report)","decl":{"start":{"line":1,"column":5457},"end":{"line":140,"column":24}},"loc":{"start":{"line":1,"column":5457},"end":{"line":140,"column":24}},"line":1}},"f":{"0":1}}
,"/home/teymur/skill-tree/projects/web-app/src/hooks/useApi.ts": {"path":"/home/teymur/skill-tree/projects/web-app/src/hooks/useApi.ts","all":true,"statementMap":{"0":{"start":{"line":1,"column":0},"end":{"line":1,"column":43}},"1":{"start":{"line":2,"column":0},"end":{"line":2,"column":48}},"8":{"start":{"line":9,"column":0},"end":{"line":9,"column":56}},"9":{"start":{"line":10,"column":0},"end":{"line":10,"column":61}},"10":{"start":{"line":11,"column":0},"end":{"line":11,"column":70}},"11":{"start":{"line":12,"column":0},"end":{"line":12,"column":53}},"13":{"start":{"line":14,"column":0},"end":{"line":14,"column":39}},"14":{"start":{"line":15,"column":0},"end":{"line":15,"column":23}},"15":{"start":{"line":16,"column":0},"end":{"line":16,"column":9}},"16":{"start":{"line":17,"column":0},"end":{"line":17,"column":58}},"17":{"start":{"line":18,"column":0},"end":{"line":18,"column":31}},"18":{"start":{"line":19,"column":0},"end":{"line":19,"column":22}},"19":{"start":{"line":20,"column":0},"end":{"line":20,"column":21}},"20":{"start":{"line":21,"column":0},"end":{"line":21,"column":27}},"21":{"start":{"line":22,"column":0},"end":{"line":22,"column":18}},"22":{"start":{"line":23,"column":0},"end":{"line":23,"column":15}},"23":{"start":{"line":24,"column":0},"end":{"line":24,"column":26}},"24":{"start":{"line":25,"column":0},"end":{"line":25,"column":5}},"25":{"start":{"line":26,"column":0},"end":{"line":26,"column":3}},"27":{"start":{"line":28,"column":0},"end":{"line":28,"column":19}},"28":{"start":{"line":29,"column":0},"end":{"line":29,"column":20}},"29":{"start":{"line":30,"column":0},"end":{"line":30,"column":23}},"31":{"start":{"line":32,"column":0},"end":{"line":32,"column":66}},"32":{"start":{"line":33,"column":0},"end":{"line":33,"column":42}},"33":{"start":{"line":34,"column":0},"end":{"line":34,"column":5}},"34":{"start":{"line":35,"column":0},"end":{"line":35,"column":32}},"36":{"start":{"line":37,"column":0},"end":{"line":37,"column":10}},"37":{"start":{"line":38,"column":0},"end":{"line":38,"column":16}},"38":{"start":{"line":39,"column":0},"end":{"line":39,"column":15}},"39":{"start":{"line":40,"column":0},"end":{"line":40,"column":20}},"41":{"start":{"line":42,"column":0},"end":{"line":42,"column":83}},"42":{"start":{"line":43,"column":0},"end":{"line":43,"column":3}},"43":{"start":{"line":44,"column":0},"end":{"line":44,"column":1}}},"s":{"0":0,"1":0,"8":0,"9":0,"10":0,"11":0,"13":0,"14":0,"15":0,"16":0,"17":0,"18":0,"19":0,"20":0,"21":0,"22":0,"23":0,"24":0,"25":0,"27":0,"28":0,"29":0,"31":0,"32":0,"33":0,"34":0,"36":0,"37":0,"38":0,"39":0,"41":0,"42":0,"43":0},"branchMap":{"0":{"type":"branch","line":1,"loc":{"start":{"line":1,"column":1131},"end":{"line":44,"column":1}},"locations":[{"start":{"line":1,"column":1131},"end":{"line":44,"column":1}}]}},"b":{"0":[0]},"fnMap":{"0":{"name":"(empty-report)","decl":{"start":{"line":1,"column":1131},"end":{"line":44,"column":1}},"loc":{"start":{"line":1,"column":1131},"end":{"line":44,"column":1}},"line":1}},"f":{"0":0}}
,"/home/teymur/skill-tree/projects/web-app/src/hooks/useAuth.ts": {"path":"/home/teymur/skill-tree/projects/web-app/src/hooks/useAuth.ts","all":false,"statementMap":{"0":{"start":{"line":1,"column":0},"end":{"line":1,"column":33}},"1":{"start":{"line":2,"column":0},"end":{"line":2,"column":46}},"4":{"start":{"line":5,"column":0},"end":{"line":5,"column":30}},"5":{"start":{"line":6,"column":0},"end":{"line":6,"column":9}},"6":{"start":{"line":7,"column":0},"end":{"line":7,"column":9}},"7":{"start":{"line":8,"column":0},"end":{"line":8,"column":16}},"8":{"start":{"line":9,"column":0},"end":{"line":9,"column":20}},"9":{"start":{"line":10,"column":0},"end":{"line":10,"column":14}},"10":{"start":{"line":11,"column":0},"end":{"line":11,"column":10}},"11":{"start":{"line":12,"column":0},"end":{"line":12,"column":10}},"12":{"start":{"line":13,"column":0},"end":{"line":13,"column":13}},"13":{"start":{"line":14,"column":0},"end":{"line":14,"column":11}},"14":{"start":{"line":15,"column":0},"end":{"line":15,"column":16}},"15":{"start":{"line":16,"column":0},"end":{"line":16,"column":15}},"16":{"start":{"line":17,"column":0},"end":{"line":17,"column":19}},"17":{"start":{"line":18,"column":0},"end":{"line":18,"column":20}},"20":{"start":{"line":21,"column":0},"end":{"line":21,"column":19}},"21":{"start":{"line":22,"column":0},"end":{"line":22,"column":31}},"22":{"start":{"line":23,"column":0},"end":{"line":23,"column":23}},"23":{"start":{"line":24,"column":0},"end":{"line":24,"column":5}},"24":{"start":{"line":25,"column":0},"end":{"line":25,"column":42}},"27":{"start":{"line":28,"column":0},"end":{"line":28,"column":19}},"28":{"start":{"line":29,"column":0},"end":{"line":29,"column":48}},"30":{"start":{"line":31,"column":0},"end":{"line":31,"column":47}},"31":{"start":{"line":32,"column":0},"end":{"line":32,"column":19}},"32":{"start":{"line":33,"column":0},"end":{"line":33,"column":36}},"34":{"start":{"line":35,"column":0},"end":{"line":35,"column":47}},"35":{"start":{"line":36,"column":0},"end":{"line":36,"column":49}},"37":{"start":{"line":38,"column":0},"end":{"line":38,"column":56}},"38":{"start":{"line":39,"column":0},"end":{"line":39,"column":16}},"39":{"start":{"line":40,"column":0},"end":{"line":40,"column":35}},"40":{"start":{"line":41,"column":0},"end":{"line":41,"column":3}},"42":{"start":{"line":43,"column":0},"end":{"line":43,"column":59}},"43":{"start":{"line":44,"column":0},"end":{"line":44,"column":16}},"44":{"start":{"line":45,"column":0},"end":{"line":45,"column":35}},"45":{"start":{"line":46,"column":0},"end":{"line":46,"column":3}},"47":{"start":{"line":48,"column":0},"end":{"line":48,"column":36}},"48":{"start":{"line":49,"column":0},"end":{"line":49,"column":18}},"49":{"start":{"line":50,"column":0},"end":{"line":50,"column":3}},"51":{"start":{"line":52,"column":0},"end":{"line":52,"column":10}},"53":{"start":{"line":54,"column":0},"end":{"line":54,"column":9}},"54":{"start":{"line":55,"column":0},"end":{"line":55,"column":20}},"55":{"start":{"line":56,"column":0},"end":{"line":56,"column":14}},"56":{"start":{"line":57,"column":0},"end":{"line":57,"column":10}},"59":{"start":{"line":60,"column":0},"end":{"line":60,"column":23}},"60":{"start":{"line":61,"column":0},"end":{"line":61,"column":29}},"61":{"start":{"line":62,"column":0},"end":{"line":62,"column":25}},"62":{"start":{"line":63,"column":0},"end":{"line":63,"column":15}},"65":{"start":{"line":66,"column":0},"end":{"line":66,"column":39}},"66":{"start":{"line":67,"column":0},"end":{"line":67,"column":31}},"67":{"start":{"line":68,"column":0},"end":{"line":68,"column":49}},"68":{"start":{"line":69,"column":0},"end":{"line":69,"column":3}},"69":{"start":{"line":70,"column":0},"end":{"line":70,"column":1}}},"s":{"0":1,"1":1,"4":1,"5":40,"6":40,"7":40,"8":40,"9":40,"10":40,"11":40,"12":40,"13":40,"14":40,"15":40,"16":40,"17":40,"20":40,"21":39,"22":4,"23":4,"24":40,"27":40,"28":39,"30":4,"31":3,"32":4,"34":4,"35":40,"37":40,"38":5,"39":5,"40":5,"42":40,"43":4,"44":4,"45":4,"47":40,"48":2,"49":2,"51":40,"53":40,"54":40,"55":40,"56":40,"59":40,"60":40,"61":40,"62":40,"65":40,"66":40,"67":40,"68":40,"69":40},"branchMap":{"0":{"type":"branch","line":5,"loc":{"start":{"line":5,"column":23},"end":{"line":70,"column":1}},"locations":[{"start":{"line":5,"column":23},"end":{"line":70,"column":1}}]},"1":{"type":"branch","line":66,"loc":{"start":{"line":66,"column":15},"end":{"line":66,"column":37}},"locations":[{"start":{"line":66,"column":15},"end":{"line":66,"column":37}}]},"2":{"type":"branch","line":66,"loc":{"start":{"line":66,"column":21},"end":{"line":66,"column":39}},"locations":[{"start":{"line":66,"column":21},"end":{"line":66,"column":39}}]},"3":{"type":"branch","line":67,"loc":{"start":{"line":67,"column":12},"end":{"line":67,"column":29}},"locations":[{"start":{"line":67,"column":12},"end":{"line":67,"column":29}}]},"4":{"type":"branch","line":67,"loc":{"start":{"line":67,"column":18},"end":{"line":67,"column":31}},"locations":[{"start":{"line":67,"column":18},"end":{"line":67,"column":31}}]},"5":{"type":"branch","line":68,"loc":{"start":{"line":68,"column":21},"end":{"line":68,"column":44}},"locations":[{"start":{"line":68,"column":21},"end":{"line":68,"column":44}}]},"6":{"type":"branch","line":68,"loc":{"start":{"line":68,"column":27},"end":{"line":68,"column":49}},"locations":[{"start":{"line":68,"column":27},"end":{"line":68,"column":49}}]},"7":{"type":"branch","line":21,"loc":{"start":{"line":21,"column":12},"end":{"line":25,"column":5}},"locations":[{"start":{"line":21,"column":12},"end":{"line":25,"column":5}}]},"8":{"type":"branch","line":22,"loc":{"start":{"line":22,"column":8},"end":{"line":22,"column":30}},"locations":[{"start":{"line":22,"column":8},"end":{"line":22,"column":30}}]},"9":{"type":"branch","line":22,"loc":{"start":{"line":22,"column":30},"end":{"line":24,"column":5}},"locations":[{"start":{"line":22,"column":30},"end":{"line":24,"column":5}}]},"10":{"type":"branch","line":28,"loc":{"start":{"line":28,"column":12},"end":{"line":36,"column":5}},"locations":[{"start":{"line":28,"column":12},"end":{"line":36,"column":5}}]},"11":{"type":"branch","line":29,"loc":{"start":{"line":29,"column":9},"end":{"line":29,"column":42}},"locations":[{"start":{"line":29,"column":9},"end":{"line":29,"column":42}}]},"12":{"type":"branch","line":29,"loc":{"start":{"line":29,"column":42},"end":{"line":29,"column":48}},"locations":[{"start":{"line":29,"column":42},"end":{"line":29,"column":48}}]},"13":{"type":"branch","line":29,"loc":{"start":{"line":29,"column":42},"end":{"line":35,"column":47}},"locations":[{"start":{"line":29,"column":42},"end":{"line":35,"column":47}}]},"14":{"type":"branch","line":31,"loc":{"start":{"line":31,"column":40},"end":{"line":33,"column":7}},"locations":[{"start":{"line":31,"column":40},"end":{"line":33,"column":7}}]},"15":{"type":"branch","line":35,"loc":{"start":{"line":35,"column":11},"end":{"line":35,"column":47}},"locations":[{"start":{"line":35,"column":11},"end":{"line":35,"column":47}}]},"16":{"type":"branch","line":38,"loc":{"start":{"line":38,"column":22},"end":{"line":41,"column":3}},"locations":[{"start":{"line":38,"column":22},"end":{"line":41,"column":3}}]},"17":{"type":"branch","line":43,"loc":{"start":{"line":43,"column":25},"end":{"line":46,"column":3}},"locations":[{"start":{"line":43,"column":25},"end":{"line":46,"column":3}}]},"18":{"type":"branch","line":48,"loc":{"start":{"line":48,"column":23},"end":{"line":50,"column":3}},"locations":[{"start":{"line":48,"column":23},"end":{"line":50,"column":3}}]},"19":{"type":"branch","line":49,"loc":{"start":{"line":49,"column":17},"end":{"line":49,"column":18}},"locations":[{"start":{"line":49,"column":17},"end":{"line":49,"column":18}}]}},"b":{"0":[40],"1":[8],"2":[33],"3":[8],"4":[33],"5":[8],"6":[36],"7":[39],"8":[6],"9":[4],"10":[39],"11":[7],"12":[35],"13":[4],"14":[3],"15":[4],"16":[5],"17":[4],"18":[2],"19":[1]},"fnMap":{"0":{"name":"useAuth","decl":{"start":{"line":5,"column":23},"end":{"line":70,"column":1}},"loc":{"start":{"line":5,"column":23},"end":{"line":70,"column":1}},"line":5},"1":{"name":"handleLogin","decl":{"start":{"line":38,"column":22},"end":{"line":41,"column":3}},"loc":{"start":{"line":38,"column":22},"end":{"line":41,"column":3}},"line":38},"2":{"name":"handleRegister","decl":{"start":{"line":43,"column":25},"end":{"line":46,"column":3}},"loc":{"start":{"line":43,"column":25},"end":{"line":46,"column":3}},"line":43},"3":{"name":"handleLogout","decl":{"start":{"line":48,"column":23},"end":{"line":50,"column":3}},"loc":{"start":{"line":48,"column":23},"end":{"line":50,"column":3}},"line":48}},"f":{"0":40,"1":5,"2":4,"3":2}}
,"/home/teymur/skill-tree/projects/web-app/src/pages/DashboardPage.tsx": {"path":"/home/teymur/skill-tree/projects/web-app/src/pages/DashboardPage.tsx","all":true,"statementMap":{"1":{"start":{"line":2,"column":0},"end":{"line":2,"column":54}},"2":{"start":{"line":3,"column":0},"end":{"line":3,"column":42}},"4":{"start":{"line":5,"column":0},"end":{"line":5,"column":39}},"5":{"start":{"line":6,"column":0},"end":{"line":6,"column":47}},"7":{"start":{"line":8,"column":0},"end":{"line":8,"column":24}},"9":{"start":{"line":10,"column":0},"end":{"line":10,"column":10}},"10":{"start":{"line":11,"column":0},"end":{"line":11,"column":15}},"11":{"start":{"line":12,"column":0},"end":{"line":12,"column":67}},"13":{"start":{"line":14,"column":0},"end":{"line":14,"column":64}},"14":{"start":{"line":15,"column":0},"end":{"line":15,"column":61}},"15":{"start":{"line":16,"column":0},"end":{"line":16,"column":17}},"16":{"start":{"line":17,"column":0},"end":{"line":17,"column":63}},"17":{"start":{"line":18,"column":0},"end":{"line":18,"column":64}},"18":{"start":{"line":19,"column":0},"end":{"line":19,"column":19}},"19":{"start":{"line":20,"column":0},"end":{"line":20,"column":48}},"21":{"start":{"line":22,"column":0},"end":{"line":22,"column":18}},"22":{"start":{"line":23,"column":0},"end":{"line":23,"column":18}},"23":{"start":{"line":24,"column":0},"end":{"line":24,"column":41}},"24":{"start":{"line":25,"column":0},"end":{"line":25,"column":64}},"25":{"start":{"line":26,"column":0},"end":{"line":26,"column":33}},"26":{"start":{"line":27,"column":0},"end":{"line":27,"column":20}},"27":{"start":{"line":28,"column":0},"end":{"line":28,"column":53}},"28":{"start":{"line":29,"column":0},"end":{"line":29,"column":33}},"29":{"start":{"line":30,"column":0},"end":{"line":30,"column":20}},"30":{"start":{"line":31,"column":0},"end":{"line":31,"column":18}},"31":{"start":{"line":32,"column":0},"end":{"line":32,"column":16}},"32":{"start":{"line":33,"column":0},"end":{"line":33,"column":14}},"35":{"start":{"line":36,"column":0},"end":{"line":36,"column":68}},"36":{"start":{"line":37,"column":0},"end":{"line":37,"column":61}},"37":{"start":{"line":38,"column":0},"end":{"line":38,"column":47}},"38":{"start":{"line":39,"column":0},"end":{"line":39,"column":58}},"39":{"start":{"line":40,"column":0},"end":{"line":40,"column":109}},"40":{"start":{"line":41,"column":0},"end":{"line":41,"column":137}},"41":{"start":{"line":42,"column":0},"end":{"line":42,"column":22}},"42":{"start":{"line":43,"column":0},"end":{"line":43,"column":20}},"43":{"start":{"line":44,"column":0},"end":{"line":44,"column":36}},"44":{"start":{"line":45,"column":0},"end":{"line":45,"column":85}},"45":{"start":{"line":46,"column":0},"end":{"line":46,"column":73}},"46":{"start":{"line":47,"column":0},"end":{"line":47,"column":20}},"47":{"start":{"line":48,"column":0},"end":{"line":48,"column":18}},"48":{"start":{"line":49,"column":0},"end":{"line":49,"column":16}},"50":{"start":{"line":51,"column":0},"end":{"line":51,"column":61}},"51":{"start":{"line":52,"column":0},"end":{"line":52,"column":47}},"52":{"start":{"line":53,"column":0},"end":{"line":53,"column":59}},"53":{"start":{"line":54,"column":0},"end":{"line":54,"column":110}},"54":{"start":{"line":55,"column":0},"end":{"line":55,"column":122}},"55":{"start":{"line":56,"column":0},"end":{"line":56,"column":22}},"56":{"start":{"line":57,"column":0},"end":{"line":57,"column":20}},"57":{"start":{"line":58,"column":0},"end":{"line":58,"column":36}},"58":{"start":{"line":59,"column":0},"end":{"line":59,"column":84}},"59":{"start":{"line":60,"column":0},"end":{"line":60,"column":78}},"60":{"start":{"line":61,"column":0},"end":{"line":61,"column":20}},"61":{"start":{"line":62,"column":0},"end":{"line":62,"column":18}},"62":{"start":{"line":63,"column":0},"end":{"line":63,"column":16}},"64":{"start":{"line":65,"column":0},"end":{"line":65,"column":61}},"65":{"start":{"line":66,"column":0},"end":{"line":66,"column":47}},"66":{"start":{"line":67,"column":0},"end":{"line":67,"column":60}},"67":{"start":{"line":68,"column":0},"end":{"line":68,"column":111}},"68":{"start":{"line":69,"column":0},"end":{"line":69,"column":135}},"69":{"start":{"line":70,"column":0},"end":{"line":70,"column":22}},"70":{"start":{"line":71,"column":0},"end":{"line":71,"column":20}},"71":{"start":{"line":72,"column":0},"end":{"line":72,"column":36}},"72":{"start":{"line":73,"column":0},"end":{"line":73,"column":82}},"73":{"start":{"line":74,"column":0},"end":{"line":74,"column":79}},"74":{"start":{"line":75,"column":0},"end":{"line":75,"column":20}},"75":{"start":{"line":76,"column":0},"end":{"line":76,"column":18}},"76":{"start":{"line":77,"column":0},"end":{"line":77,"column":16}},"77":{"start":{"line":78,"column":0},"end":{"line":78,"column":14}},"80":{"start":{"line":81,"column":0},"end":{"line":81,"column":55}},"81":{"start":{"line":82,"column":0},"end":{"line":82,"column":62}},"82":{"start":{"line":83,"column":0},"end":{"line":83,"column":84}},"83":{"start":{"line":84,"column":0},"end":{"line":84,"column":16}},"84":{"start":{"line":85,"column":0},"end":{"line":85,"column":31}},"85":{"start":{"line":86,"column":0},"end":{"line":86,"column":47}},"86":{"start":{"line":87,"column":0},"end":{"line":87,"column":117}},"87":{"start":{"line":88,"column":0},"end":{"line":88,"column":216}},"88":{"start":{"line":89,"column":0},"end":{"line":89,"column":20}},"89":{"start"
[...]
ine":84,"column":0},"end":{"line":84,"column":25}},"84":{"start":{"line":85,"column":0},"end":{"line":85,"column":14}},"85":{"start":{"line":86,"column":0},"end":{"line":86,"column":18}},"86":{"start":{"line":87,"column":0},"end":{"line":87,"column":17}},"87":{"start":{"line":88,"column":0},"end":{"line":88,"column":31}},"88":{"start":{"line":89,"column":0},"end":{"line":89,"column":60}},"89":{"start":{"line":90,"column":0},"end":{"line":90,"column":14}},"90":{"start":{"line":91,"column":0},"end":{"line":91,"column":11}},"92":{"start":{"line":93,"column":0},"end":{"line":93,"column":25}},"93":{"start":{"line":94,"column":0},"end":{"line":94,"column":30}},"94":{"start":{"line":95,"column":0},"end":{"line":95,"column":69}},"95":{"start":{"line":96,"column":0},"end":{"line":96,"column":15}},"96":{"start":{"line":97,"column":0},"end":{"line":97,"column":29}},"97":{"start":{"line":98,"column":0},"end":{"line":98,"column":31}},"98":{"start":{"line":99,"column":0},"end":{"line":99,"column":12}},"100":{"start":{"line":101,"column":0},"end":{"line":101,"column":18}},"101":{"start":{"line":102,"column":0},"end":{"line":102,"column":27}},"102":{"start":{"line":103,"column":0},"end":{"line":103,"column":32}},"103":{"start":{"line":104,"column":0},"end":{"line":104,"column":27}},"104":{"start":{"line":105,"column":0},"end":{"line":105,"column":11}},"105":{"start":{"line":106,"column":0},"end":{"line":106,"column":9}},"106":{"start":{"line":107,"column":0},"end":{"line":107,"column":8}},"109":{"start":{"line":110,"column":0},"end":{"line":110,"column":42}},"110":{"start":{"line":111,"column":0},"end":{"line":111,"column":32}},"112":{"start":{"line":113,"column":0},"end":{"line":113,"column":13}},"113":{"start":{"line":114,"column":0},"end":{"line":114,"column":35}},"114":{"start":{"line":115,"column":0},"end":{"line":115,"column":25}},"115":{"start":{"line":116,"column":0},"end":{"line":116,"column":47}},"116":{"start":{"line":117,"column":0},"end":{"line":117,"column":19}},"118":{"start":{"line":119,"column":0},"end":{"line":119,"column":34}},"119":{"start":{"line":120,"column":0},"end":{"line":120,"column":15}},"120":{"start":{"line":121,"column":0},"end":{"line":121,"column":23}},"121":{"start":{"line":122,"column":0},"end":{"line":122,"column":30}},"122":{"start":{"line":123,"column":0},"end":{"line":123,"column":35}},"123":{"start":{"line":124,"column":0},"end":{"line":124,"column":29}},"124":{"start":{"line":125,"column":0},"end":{"line":125,"column":23}},"125":{"start":{"line":126,"column":0},"end":{"line":126,"column":12}},"126":{"start":{"line":127,"column":0},"end":{"line":127,"column":9}},"127":{"start":{"line":128,"column":0},"end":{"line":128,"column":8}},"130":{"start":{"line":131,"column":0},"end":{"line":131,"column":50}},"131":{"start":{"line":132,"column":0},"end":{"line":132,"column":13}},"132":{"start":{"line":133,"column":0},"end":{"line":133,"column":58}},"134":{"start":{"line":135,"column":0},"end":{"line":135,"column":50}},"135":{"start":{"line":136,"column":0},"end":{"line":136,"column":17}},"136":{"start":{"line":137,"column":0},"end":{"line":137,"column":52}},"137":{"start":{"line":138,"column":0},"end":{"line":138,"column":14}},"138":{"start":{"line":139,"column":0},"end":{"line":139,"column":23}},"139":{"start":{"line":140,"column":0},"end":{"line":140,"column":18}},"141":{"start":{"line":142,"column":0},"end":{"line":142,"column":26}},"142":{"start":{"line":143,"column":0},"end":{"line":143,"column":24}},"143":{"start":{"line":144,"column":0},"end":{"line":144,"column":11}},"144":{"start":{"line":145,"column":0},"end":{"line":145,"column":25}},"145":{"start":{"line":146,"column":0},"end":{"line":146,"column":24}},"146":{"start":{"line":147,"column":0},"end":{"line":147,"column":22}},"147":{"start":{"line":148,"column":0},"end":{"line":148,"column":9}},"148":{"start":{"line":149,"column":0},"end":{"line":149,"column":8}},"151":{"start":{"line":152,"column":0},"end":{"line":152,"column":51}},"152":{"start":{"line":153,"column":0},"end":{"line":153,"column":37}},"154":{"start":{"line":155,"column":0},"end":{"line":155,"column":27}},"155":{"start":{"line":156,"column":0},"end":{"line":156,"column":15}},"156":{"start":{"line":157,"column":0},"end":{"line":157,"column":23}},"157":{"start":{"line":158,"column":0},"end":{"line":158,"column":34}},"158":{"start":{"line":159,"column":0},"end":{"line":159,"column":12}},"159":{"start":{"line":160,"column":0},"end":{"line":160,"column":16}},"160":{"start":{"line":161,"column":0},"end":{"line":161,"column":9}},"162":{"start":{"line":163,"column":0},"end":{"line":163,"column":32}},"164":{"start":{"line":165,"column":0},"end":{"line":165,"column":13}},"165":{"start":{"line":166,"column":0},"end":{"line":166,"column":60}},"167":{"start":{"line":168,"column":0},"end":{"line":168,"column":50}},"168":{"start":{"line":169,"column":0},"end":{"line":169,"column":17}},"169":{"start":{"line":170,"column":0},"end":{"line":170,"column":34}},"170":{"start":{"line":171,"column":0},"end":{"line":171,"column":36}},"171":{"start":{"line":172,"column":0},"end":{"line":172,"column":31}},"172":{"start":{"line":173,"column":0},"end":{"line":173,"column":25}},"173":{"start":{"line":174,"column":0},"end":{"line":174,"column":14}},"174":{"start":{"line":175,"column":0},"end":{"line":175,"column":18}},"176":{"start":{"line":177,"column":0},"end":{"line":177,"column":32}},"177":{"start":{"line":178,"column":0},"end":{"line":178,"column":11}},"178":{"start":{"line":179,"column":0},"end":{"line":179,"column":25}},"179":{"start":{"line":180,"column":0},"end":{"line":180,"column":30}},"180":{"start":{"line":181,"column":0},"end":{"line":181,"column":9}},"181":{"start":{"line":182,"column":0},"end":{"line":182,"column":8}},"184":{"start":{"line":185,"column":0},"end":{"line":185,"column":31}},"185":{"start":{"line":186,"column":0},"end":{"line":186,"column":28}},"186":{"start":{"line":187,"column":0},"end":{"line":187,"column":8}},"189":{"start":{"line":190,"column":0},"end":{"line":190,"column":47}},"190":{"start":{"line":191,"column":0},"end":{"line":191,"column":35}},"191":{"start":{"line":192,"column":0},"end":{"line":192,"column":7}},"192":{"start":{"line":193,"column":0},"end":{"line":193,"column":7}},"193":{"start":{"line":194,"column":0},"end":{"line":194,"column":5}},"194":{"start":{"line":195,"column":0},"end":{"line":195,"column":27}},"196":{"start":{"line":197,"column":0},"end":{"line":197,"column":31}},"197":{"start":{"line":198,"column":0},"end":{"line":198,"column":25}},"198":{"start":{"line":199,"column":0},"end":{"line":199,"column":39}},"199":{"start":{"line":200,"column":0},"end":{"line":200,"column":46}},"200":{"start":{"line":201,"column":0},"end":{"line":201,"column":9}},"202":{"start":{"line":203,"column":0},"end":{"line":203,"column":44}},"203":{"start":{"line":204,"column":0},"end":{"line":204,"column":33}},"204":{"start":{"line":205,"column":0},"end":{"line":205,"column":54}},"205":{"start":{"line":206,"column":0},"end":{"line":206,"column":9}},"206":{"start":{"line":207,"column":0},"end":{"line":207,"column":7}},"207":{"start":{"line":208,"column":0},"end":{"line":208,"column":5}},"208":{"start":{"line":209,"column":0},"end":{"line":209,"column":3}},"209":{"start":{"line":210,"column":0},"end":{"line":210,"column":1}},"211":{"start":{"line":212,"column":0},"end":{"line":212,"column":27}},"214":{"start":{"line":215,"column":0},"end":{"line":215,"column":64}},"215":{"start":{"line":216,"column":0},"end":{"line":216,"column":86}},"216":{"start":{"line":217,"column":0},"end":{"line":217,"column":76}},"217":{"start":{"line":218,"column":0},"end":{"line":218,"column":70}}},"s":{"0":1,"1":1,"9":1,"22":1,"23":1,"24":1,"26":1,"27":1,"28":1,"29":1,"30":1,"33":1,"34":10,"36":10,"37":10,"39":10,"40":6,"41":6,"42":6,"43":6,"44":6,"45":6,"46":6,"47":10,"48":2,"49":2,"50":2,"51":2,"52":2,"54":8,"55":10,"56":2,"57":2,"58":2,"59":2,"60":2,"62":2,"63":2,"64":2,"65":2,"66":2,"67":2,"68":10,"71":1,"72":4,"74":4,"75":4,"77":4,"78":2,"79":2,"80":2,"81":2,"82":2,"83":2,"84":2,"85":4,"86":1,"87":1,"88":1,"89":1,"90":1,"92":3,"93":4,"94":1,"95":1,"96":1,"97":1,"98":1,"100":1,"101":1,"102":1,"103":1,"104":1,"105":1,"106":4,"109":1,"110":7,"112":7,"113":7,"114":7,"115":1,"116":7,"118":7,"119":7,"120":7,"121":7,"122":7,"123":7,"124":7,"125":7,"126":7,"127":7,"130":1,"131":3,"132":3,"134":3,"135":1,"136":1,"137":1,"138":1,"139":1,"141":1,"142":1,"143":1,"144":3,"145":1,"146":1,"147":1,"148":3,"151":1,"152":5,"154":5,"155":1,"156":1,"157":1,"158":1,"159":1,"160":1,"162":4,"164":4,"165":4,"167":5,"168":2,"169":2,"170":2,"171":2,"172":2,"173":2,"174":5,"176":1,"177":1,"178":5,"179":1,"180":1,"181":5,"184":1,"185":2,"186":2,"189":1,"190":2,"191":2,"192":1,"193":1,"194":1,"196":1,"197":96,"198":96,"199":96,"200":96,"202":1,"203":1,"204":0,"205":0,"206":1,"207":1,"208":1,"209":1,"211":1,"214":1,"215":1,"216":1,"217":1},"branchMap":{"0":{"type":"branch","line":25,"loc":{"start":{"line":25,"column":4},"end":{"line":193,"column":7}},"locations":[{"start":{"line":25,"column":4},"end":{"line":193,"column":7}}]},"1":{"type":"branch","line":34,"loc":{"start":{"line":34,"column":13},"end":{"line":69,"column":8}},"locations":[{"start":{"line":34,"column":13},"end":{"line":69,"column":8}}]},"2":{"type":"branch","line":38,"loc":{"start":{"line":38,"column":61},"end":{"line":40,"column":34}},"locations":[{"start":{"line":38,"column":61},"end":{"line":40,"column":34}}]},"3":{"type":"branch","line":40,"loc":{"start":{"line":40,"column":23},"end":{"line":40,"column":49}},"locations":[{"start":{"line":40,"column":23},"end":{"line":40,"column":49}}]},"4":{"type":"branch","line":40,"loc":{"start":{"line":40,"column":49},"end":{"line":48,"column":17}},"locations":[{"start":{"line":40,"column":49},"end":{"line":48,"column":17}}]},"5":{"type":"branch","line":48,"loc":{"start":{"line":48,"column":10},"end":{"line":53,"column":11}},"locations":[{"start":{"line":48,"column":10},"end":{"line":53,"column":11}}]},"6":{"type":"branch","line":51,"loc":{"start":{"line":51,"column":30},"end":{"line":51,"column":53}},"locations":[{"start":{"line":51,"column":30},"end":{"line":51,"column":53}}]},"7":{"type":"branch","line":53,"loc":{"start":{"line":53,"column":10},"end":{"line":56,"column":17}},"locations":[{"start":{"line":53,"column":10},"end":{"line":56,"column":17}}]},"8":{"type":"branch","line":56,"loc":{"start":{"line":56,"column":8},"end":{"line":68,"column":9}},"locations":[{"start":{"line":56,"column":8},"end":{"line":68,"column":9}}]},"9":{"type":"branch","line":57,"loc":{"start":{"line":57,"column":37},"end":{"line":57,"column":62}},"locations":[{"start":{"line":57,"column":37},"end":{"line":57,"column":62}}]},"10":{"type":"branch","line":72,"loc":{"start":{"line":72,"column":16},"end":{"line":107,"column":8}},"locations":[{"start":{"line":72,"column":16},"end":{"line":107,"column":8}}]},"11":{"type":"branch","line":76,"loc":{"start":{"line":76,"column":61},"end":{"line":78,"column":34}},"locations":[{"start":{"line":76,"column":61},"end":{"line":78,"column":34}}]},"12":{"type":"branch","line":78,"loc":{"start":{"line":78,"column":23},"end":{"line":78,"column":49}},"locations":[{"start":{"line":78,"column":23},"end":{"line":78,"column":49}}]},"13":{"type":"branch","line":78,"loc":{"start":{"line":78,"column":49},"end":{"line":86,"column":17}},"locations":[{"start":{"line":78,"column":49},"end":{"line":86,"column":17}}]},"14":{"type":"branch","line":86,"loc":{"start":{"line":86,"column":10},"end":{"line":91,"column":11}},"locations":[{"start":{"line":86,"column":10},"end":{"line":91,"column":11}}]},"15":{"type":"branch","line":89,"loc":{"start":{"line":89,"column":30},"end":{"line":89,"column":60}},"locations":[{"start":{"line":89,"column":30},"end":{"line":89,"column":60}}]},"16":{"type":"branch","line":91,"loc":{"start":{"line":91,"column":10},"end":{"line":94,"column":17}},"locations":[{"start":{"line":91,"column":10},"end":{"line":94,"column":17}}]},"17":{"type":"branch","line":94,"loc":{"start":{"line":94,"column":8},"end":{"line":106,"column":9}},"locations":[{"start":{"line":94,"column":8},"end":{"line":106,"column":9}}]},"18":{"type":"branch","line":95,"loc":{"start":{"line":95,"column":37},"end":{"line":95,"column":69}},"locations":[{"start":{"line":95,"column":37},"end":{"line":95,"column":69}}]},"19":{"type":"branch","line":110,"loc":{"start":{"line":110,"column":14},"end":{"line":128,"column":8}},"locations":[{"start":{"line":110,"column":14},"end":{"line":128,"column":8}}]},"20":{"type":"branch","line":114,"loc":{"start":{"line":114,"column":34},"end":{"line":115,"column":17}},"locations":[{"start":{"line":114,"column":34},"end":{"line":115,"column":17}}]},"21":{"type":"branch","line":115,"loc":{"start":{"line":115,"column":8},"end":{"line":117,"column":10}},"locations":[{"start":{"line":115,"column":8},"end":{"line":117,"column":10}}]},"22":{"type":"branch","line":131,"loc":{"start":{"line":131,"column":19},"end":{"line":149,"column":8}},"locations":[{"start":{"line":131,"column":19},"end":{"line":149,"column":8}}]},"23":{"type":"branch","line":133,"loc":{"start":{"line":133,"column":57},"end":{"line":135,"column":34}},"locations":[{"start":{"line":133,"column":57},"end":{"line":135,"column":34}}]},"24":{"type":"branch","line":135,"loc":{"start":{"line":135,"column":23},"end":{"line":135,"column":49}},"locations":[{"start":{"line":135,"column":23},"end":{"line":135,"column":49}}]},"25":{"type":"branch","line":135,"loc":{"start":{"line":135,"column":49},"end":{"line":144,"column":11}},"locations":[{"start":{"line":135,"column":49},"end":{"line":144,"column":11}}]},"26":{"type":"branch","line":145,"loc":{"start":{"line":145,"column":8},"end":{"line":148,"column":9}},"locations":[{"start":{"line":145,"column":8},"end":{"line":148,"column":9}}]},"27":{"type":"branch","line":152,"loc":{"start":{"line":152,"column":23},"end":{"line":182,"column":8}},"locations":[{"start":{"line":152,"column":23},"end":{"line":182,"column":8}}]},"28":{"type":"branch","line":155,"loc":{"start":{"line":155,"column":26},"end":{"line":161,"column":9}},"locations":[{"start":{"line":155,"column":26},"end":{"line":161,"column":9}}]},"29":{"type":"branch","line":161,"loc":{"start":{"line":161,"column":8},"end":{"line":166,"column":60}},"locations":[{"start":{"line":161,"column":8},"end":{"line":166,"column":60}}]},"30":{"type":"branch","line":166,"loc":{"start":{"line":166,"column":59},"end":{"line":168,"column":34}},"locations":[{"start":{"line":166,"column":59},"end":{"line":168,"column":34}}]},"31":{"type":"branch","line":168,"loc":{"start":{"line":168,"column":23},"end":{"line":168,"column":49}},"locations":[{"start":{"line":168,"column":23},"end":{"line":168,"column":49}}]},"32":{"type":"branch","line":168,"loc":{"start":{"line":168,"column":49},"end":{"line":175,"column":17}},"locations":[{"start":{"line":168,"column":49},"end":{"line":175,"column":17}}]},"33":{"type":"branch","line":175,"loc":{"start":{"line":175,"column":10},"end":{"line":178,"column":11}},"locations":[{"start":{"line":175,"column":10},"end":{"line":178,"column":11}}]},"34":{"type":"branch","line":179,"loc":{"start":{"line":179,"column":8},"end":{"line":181,"column":9}},"locations":[{"start":{"line":179,"column":8},"end":{"line":181,"column":9}}]},"35":{"type":"branch","line":185,"loc":{"start":{"line":185,"column":18},"end":{"line":187,"column":8}},"locations":[{"start":{"line":185,"column":18},"end":{"line":187,"column":8}}]},"36":{"type":"branch","line":190,"loc":{"start":{"line":190,"column":18},"end":{"line":192,"column":7}},"locations":[{"start":{"line":190,"column":18},"end":{"line":192,"column":7}}]},"37":{"type":"branch","line":197,"loc":{"start":{"line":197,"column":18},"end":{"line":201,"column":9}},"locations":[{"start":{"line":197,"column":18},"end":{"line":201,"column":9}}]},"38":{"type":"branch","line":203,"loc":{"start":{"line":203,"column":26},"end":{"line":207,"column":7}},"locations":[{"start":{"line":203,"column":26},"end":{"line":207,"column":7}}]},"39":{"type":"branch","line":203,"loc":{"start":{"line":203,"column":32},"end":{"line":207,"column":7}},"locations":[{"start":{"line":203,"column":32},"end":{"line":207,"column":7}}]},"40":{"type":"branch","line":204,"loc":{"start":{"line":204,"column":32},"end":{"line":206,"column":9}},"locations":[{"start":{"line":204,"column":32},"end":{"line":206,"column":9}}]}},"b":{"0":[1],"1":[10],"2":[8],"3":[6],"4":[6],"5":[2],"6":[1],"7":[8],"8":[2],"9":[1],"10":[4],"11":[3],"12":[2],"13":[2],"14":[1],"15":[0],"16":[3],"17":[1],"18":[0],"19":[7],"20":[6],"21":[1],"22":[3],"23":[2],"24":[1],"25":[1],"26":[1],"27":[5],"28":[1],"29":[4],"30":[3],"31":[2],"32":[2],"33":[1],"34":[1],"35":[2],"36":[2],"37":[96],"38":[1],"39":[1],"40":[0]},"fnMap":{"0":{"name":"useAuthStore.name","decl":{"start":{"line":25,"column":4},"end":{"line":193,"column":7}},"loc":{"start":{"line":25,"column":4},"end":{"line":193,"column":7}},"line":25},"1":{"name":"login","decl":{"start":{"line":34,"column":13},"end":{"line":69,"column":8}},"loc":{"start":{"line":34,"column":13},"end":{"line":69,"column":8}},"line":34},"2":{"name":"register","decl":{"start":{"line":72,"column":16},"end":{"line":107,"column":8}},"loc":{"start":{"line":72,"column":16},"end":{"line":107,"column":8}},"line":72},"3":{"name":"logout","decl":{"start":{"line":110,"column":14},"end":{"line":128,"column":8}},"loc":{"start":{"line":110,"column":14},"end":{"line":128,"column":8}},"line":110},"4":{"name":"refreshAuth","decl":{"start":{"line":131,"column":19},"end":{"line":149,"column":8}},"loc":{"start":{"line":131,"column":19},"end":{"line":149,"column":8}},"line":131},"5":{"name":"checkAuthStatus","decl":{"start":{"line":152,"column":23},"end":{"line":182,"column":8}},"loc":{"start":{"line":152,"column":23},"end":{"line":182,"column":8}},"line":152},"6":{"name":"clearError","decl":{"start":{"line":185,"column":18},"end":{"line":187,"column":8}},"loc":{"start":{"line":185,"column":18},"end":{"line":187,"column":8}},"line":185},"7":{"name":"setLoading","decl":{"start":{"line":190,"column":18},"end":{"line":192,"column":7}},"loc":{"start":{"line":190,"column":18},"end":{"line":192,"column":7}},"line":190},"8":{"name":"partialize","decl":{"start":{"line":197,"column":18},"end":{"line":201,"column":9}},"loc":{"start":{"line":197,"column":18},"end":{"line":201,"column":9}},"line":197},"9":{"name":"onRehydrateStorage","decl":{"start":{"line":203,"column":26},"end":{"line":207,"column":7}},"loc":{"start":{"line":203,"column":26},"end":{"line":207,"column":7}},"line":203},"10":{"name":"useUser","decl":{"start":{"line":215,"column":23},"end":{"line":215,"column":64}},"loc":{"start":{"line":215,"column":23},"end":{"line":215,"column":64}},"line":215},"11":{"name":"useIsAuthenticated","decl":{"start":{"line":216,"column":34},"end":{"line":216,"column":86}},"loc":{"start":{"line":216,"column":34},"end":{"line":216,"column":86}},"line":216},"12":{"name":"useAuthLoading","decl":{"start":{"line":217,"column":30},"end":{"line":217,"column":76}},"loc":{"start":{"line":217,"column":30},"end":{"line":217,"column":76}},"line":217},"13":{"name":"useAuthError","decl":{"start":{"line":218,"column":28},"end":{"line":218,"column":70}},"loc":{"start":{"line":218,"column":28},"end":{"line":218,"column":70}},"line":218}},"f":{"0":1,"1":10,"2":4,"3":7,"4":3,"5":5,"6":2,"7":2,"8":96,"9":1,"10":0,"11":0,"12":0,"13":0}}
,"/home/teymur/skill-tree/projects/web-app/src/types/auth.types.ts": {"path":"/home/teymur/skill-tree/projects/web-app/src/types/auth.types.ts","all":true,"statementMap":{},"s":{},"branchMap":{"0":{"type":"branch","line":1,"loc":{"start":{"line":1,"column":1628},"end":{"line":96,"column":1}},"locations":[{"start":{"line":1,"column":1628},"end":{"line":96,"column":1}}]}},"b":{"0":[1]},"fnMap":{"0":{"name":"(empty-report)","decl":{"start":{"line":1,"column":1628},"end":{"line":96,"column":1}},"loc":{"start":{"line":1,"column":1628},"end":{"line":96,"column":1}},"line":1}},"f":{"0":1}}
}
